#
# A fatal error has been detected by the Java Runtime Environment:
#
#  SIGSEGV (0xb) at pc=0x0000000107cb07a6, pid=2966, tid=0x0000000000000307
#
# JRE version: Java(TM) SE Runtime Environment (8.0_144-b01) (build 1.8.0_144-b01)
# Java VM: Java HotSpot(TM) 64-Bit Server VM (25.144-b01 mixed mode bsd-amd64 compressed oops)
# Problematic frame:
# V  [libjvm.dylib+0x16a7a6]
#
# Failed to write core dump. Core dumps have been disabled. To enable core dumping, try "ulimit -c unlimited" before starting Java again
#
# If you would like to submit a bug report, please visit:
#   http://bugreport.java.com/bugreport/crash.jsp
#

---------------  T H R E A D  ---------------

Current thread is native thread

siginfo: si_signo: 11 (SIGSEGV), si_code: 1 (SEGV_MAPERR), si_addr: 0x0000000000000270

Registers:
RAX=0x0000000000000000, RBX=0x0000000000000000, RCX=0x0000000108377500, RDX=0x0000000000000000
RSP=0x00007fff581465c0, RBP=0x00007fff581465d0, RSI=0x0000000000000006, RDI=0x00007fff581465e0
R8 =0x0000000000000000, R9 =0x00000000000002ee, R10=0x0000000108bf2ee0, R11=0x00007ff0cfdcef70
R12=0x00007ff0d198c1f8, R13=0x00007ff0d44584f0, R14=0x00007ff0cfdc2498, R15=0x00007ff0d198c1f8
RIP=0x0000000107cb07a6, EFLAGS=0x0000000000010246, ERR=0x0000000000000006
  TRAPNO=0x000000000000000e

Top of Stack: (sp=0x00007fff581465c0)
0x00007fff581465c0:   0000000000000000 00007ff0cfdc2498
0x00007fff581465d0:   00007fff58146600 0000000107e5aebe
0x00007fff581465e0:   0000000000000000 00007ff0d26961c0
0x00007fff581465f0:   0000000000000008 00007ff0d445e430
0x00007fff58146600:   00007fff58146620 0000000108beee3a
0x00007fff58146610:   00007ff0d198c1f8 00007ff0d7c1e000
0x00007fff58146620:   00007fff58146640 0000000108beec44
0x00007fff58146630:   00007ff0d2696100 00007ff0d278b8a0
0x00007fff58146640:   00007fff581466a0 000000012bb3bff3
0x00007fff58146650:   38889c23932600a8 0000000000000000
0x00007fff58146660:   40e1e31d78e690ee 0000000000000000
0x00007fff58146670:   00007fff581466a0 00007ff0d445e430
0x00007fff58146680:   00007ff0d2202710 00007ff0d44584f0
0x00007fff58146690:   00007ff0d445e430 00007fff8b48c040
0x00007fff581466a0:   00007fff58146720 00007fff7c229165
0x00007fff581466b0:   00007ff0d19c2600 0000000000000000
0x00007fff581466c0:   000000ec58146700 00007ff0d7c1e000
0x00007fff581466d0:   0000000000000000 0000000000000000
0x00007fff581466e0:   0000000400000000 40e1e31d78e690ee
0x00007fff581466f0:   00007fff58146720 00007ff0d445e430
0x00007fff58146700:   0000000000000004 0000000000000000
0x00007fff58146710:   00007fff8b48c040 00007fff74d15557
0x00007fff58146720:   00007fff58146790 00007fff7c228ce3
0x00007fff58146730:   4000000000000000 4077700000000000
0x00007fff58146740:   405d800000000000 0000000000000000
0x00007fff58146750:   0000000000000000 4077700000000000
0x00007fff58146760:   405d800000000000 00007fff58146860
0x00007fff58146770:   00007ff0d2302748 0000000000000000
0x00007fff58146780:   00007fff74d1e20e 00007ff0d19c2600
0x00007fff58146790:   00007fff58147860 00007fff7c23c052
0x00007fff581467a0:   00007fff58147860 00007fff7c23bf28
0x00007fff581467b0:   00007ff0d2302748 00007ff0d2302748 

Instructions: (pc=0x0000000107cb07a6)
0x0000000107cb0786:   0e 48 8b 0b 49 8b 56 18 48 63 c0 48 89 0c c2 5b
0x0000000107cb0796:   41 5e 5d c3 90 90 55 48 89 e5 41 56 53 48 8b 1f
0x0000000107cb07a6:   c7 83 70 02 00 00 05 00 00 00 48 8d 05 a1 83 78
0x0000000107cb07b6:   00 8b 00 83 f8 01 41 89 f6 75 0c 48 8d 0d ee ee 

Register to memory mapping:

RAX=0x0000000000000000 is an unknown value
RBX=0x0000000000000000 is an unknown value
RCX=0x0000000108377500: jni_NativeInterface+0 in /Library/Java/JavaVirtualMachines/jdk1.8.0_144.jdk/Contents/Home/jre/lib/server/libjvm.dylib at 0x0000000107b46000
RDX=0x0000000000000000 is an unknown value
RSP=0x00007fff581465c0 is an unknown value
RBP=0x00007fff581465d0 is an unknown value
RSI=0x0000000000000006 is an unknown value
RDI=0x00007fff581465e0 is an unknown value
R8 =0x0000000000000000 is an unknown value
R9 =0x00000000000002ee is an unknown value
R10=0x0000000108bf2ee0: OBJC_CLASS_$_JNFWeakJObjectWrapper+0 in /System/Library/Frameworks/JavaVM.framework/Versions/A/Frameworks/JavaNativeFoundation.framework/Versions/A/JavaNativeFoundation at 0x0000000108be8000
R11=0x00007ff0cfdcef70 is an unknown value
R12=0x00007ff0d198c1f8 is an unknown value
R13=0x00007ff0d44584f0 is an unknown value
R14=0x00007ff0cfdc2498 is a weak global jni handle
R15=0x00007ff0d198c1f8 is an unknown value


Stack: [0x00007fff5794b000,0x00007fff5814b000],  sp=0x00007fff581465c0,  free space=8173k
Native frames: (J=compiled Java code, j=interpreted, Vv=VM code, C=native code)
V  [libjvm.dylib+0x16a7a6]
V  [libjvm.dylib+0x314ebe]
C  [JavaNativeFoundation+0x6e3a]  -[JNFWeakJObjectWrapper _getWithEnv:]+0x26
C  [JavaNativeFoundation+0x6c44]  -[JNFJObjectWrapper jObjectWithEnv:]+0x16
C  [libawt_lwawt.dylib+0x1aff3]  -[CGLLayer drawInCGLContext:pixelFormat:forLayerTime:displayTime:]+0xa4
C  [QuartzCore+0x113165]  _ZL17CAOpenGLLayerDrawP13CAOpenGLLayerdPK11CVTimeStampj+0x369
C  [QuartzCore+0x112ce3]  -[CAOpenGLLayer _display]+0x15f
C  [QuartzCore+0x126052]  _ZN2CA5Layer17display_if_neededEPNS_11TransactionE+0x23c
C  [QuartzCore+0x12617d]  _ZN2CA5Layer28layout_and_display_if_neededEPNS_11TransactionE+0x23
C  [QuartzCore+0x11b934]  _ZN2CA7Context18commit_transactionEPNS_11TransactionE+0x118
C  [QuartzCore+0x107e1]  _ZN2CA11Transaction6commitEv+0x1db
C  [QuartzCore+0x111fc]  _ZN2CA11Transaction17observer_callbackEP19__CFRunLoopObservermPv+0x6c
C  [CoreFoundation+0xa6d37]  __CFRUNLOOP_IS_CALLING_OUT_TO_AN_OBSERVER_CALLBACK_FUNCTION__+0x17
C  [CoreFoundation+0xa6ca7]  __CFRunLoopDoObservers+0x187
C  [CoreFoundation+0x8782e]  __CFRunLoopRun+0x4be
C  [CoreFoundation+0x87114]  CFRunLoopRunSpecific+0x1a4
C  [java+0x6465]  CreateExecutionEnvironment+0x367
C  [java+0x218c]  JLI_Launch+0x7a0
C  [java+0x84c2]  main+0x65
C  [java+0x19e4]  start+0x34


---------------  P R O C E S S  ---------------

VM state:not at safepoint (normal execution)

VM Mutex/Monitor currently owned by a thread: None

Heap:
 PSYoungGen      total 76288K, used 12884K [0x000000076ab00000, 0x0000000770000000, 0x00000007c0000000)
  eden space 65536K, 6% used [0x000000076ab00000,0x000000076af15360,0x000000076eb00000)
  from space 10752K, 80% used [0x000000076eb00000,0x000000076f37ffb8,0x000000076f580000)
  to   space 10752K, 0% used [0x000000076f580000,0x000000076f580000,0x0000000770000000)
 ParOldGen       total 79872K, used 12328K [0x00000006c0000000, 0x00000006c4e00000, 0x000000076ab00000)
  object space 79872K, 15% used [0x00000006c0000000,0x00000006c0c0a020,0x00000006c4e00000)
 Metaspace       used 30772K, capacity 32394K, committed 32640K, reserved 1077248K
  class space    used 4149K, capacity 4450K, committed 4480K, reserved 1048576K

Card table byte_map: [0x00000001097c0000,0x0000000109fc1000] byte_map_base: 0x00000001061c0000

Marking Bits: (ParMarkBitMap*) 0x00000001084395d0
 Begin Bits: [0x000000011a00e000, 0x000000011e00e000)
 End Bits:   [0x000000011e00e000, 0x000000012200e000)

Polling page: 0x0000000108b30000

CodeCache: size=245760Kb used=13499Kb max_used=13999Kb free=232260Kb
 bounds [0x000000010b00e000, 0x000000010be0e000, 0x000000011a00e000]
 total_blobs=5083 nmethods=4168 adapters=826
 compilation: enabled

Compilation events (10 events):
Event: 51.978 Thread 0x00007ff0d18b3000 nmethod 4780 0x000000010b4f89d0 code [0x000000010b4f8b20, 0x000000010b4f8c30]
Event: 51.978 Thread 0x00007ff0d18b3000 4783       1       sun.java2d.opengl.CGLSurfaceData::getDefaultScale (5 bytes)
Event: 51.978 Thread 0x00007ff0d18b3000 nmethod 4783 0x000000010b4f8710 code [0x000000010b4f8860, 0x000000010b4f8970]
Event: 51.978 Thread 0x00007ff0d18b3000 4784       1       sun.awt.image.VolatileSurfaceManager::getPrimarySurfaceData (5 bytes)
Event: 51.978 Thread 0x00007ff0d18b3000 nmethod 4784 0x000000010b4f8450 code [0x000000010b4f85a0, 0x000000010b4f86b0]
Event: 51.981 Thread 0x00007ff0d18b3000 4785   !   3       java.util.concurrent.ConcurrentHashMap::replaceNode (416 bytes)
Event: 51.983 Thread 0x00007ff0d18b3000 nmethod 4785 0x000000010b614290 code [0x000000010b614580, 0x000000010b616128]
Event: 51.983 Thread 0x00007ff0d18b3000 4786       3       java.util.concurrent.ConcurrentHashMap::remove (8 bytes)
Event: 51.983 Thread 0x00007ff0d18b3000 nmethod 4786 0x000000010b59c090 code [0x000000010b59c200, 0x000000010b59c428]
Event: 52.479 Thread 0x00007ff0d18b3000 4787   !   3       java.awt.Container::getComponent (42 bytes)

GC Heap History (8 events):
Event: 1.962 GC heap before
{Heap before GC invocations=1 (full 0):
 PSYoungGen      total 76288K, used 64977K [0x000000076ab00000, 0x0000000770000000, 0x00000007c0000000)
  eden space 65536K, 99% used [0x000000076ab00000,0x000000076ea745f0,0x000000076eb00000)
  from space 10752K, 0% used [0x000000076f580000,0x000000076f580000,0x0000000770000000)
  to   space 10752K, 0% used [0x000000076eb00000,0x000000076eb00000,0x000000076f580000)
 ParOldGen       total 175104K, used 0K [0x00000006c0000000, 0x00000006cab00000, 0x000000076ab00000)
  object space 175104K, 0% used [0x00000006c0000000,0x00000006c0000000,0x00000006cab00000)
 Metaspace       used 17530K, capacity 18718K, committed 19072K, reserved 1064960K
  class space    used 2629K, capacity 2830K, committed 2944K, reserved 1048576K
Event: 1.971 GC heap after
Heap after GC invocations=1 (full 0):
 PSYoungGen      total 76288K, used 8341K [0x000000076ab00000, 0x0000000770000000, 0x00000007c0000000)
  eden space 65536K, 0% used [0x000000076ab00000,0x000000076ab00000,0x000000076eb00000)
  from space 10752K, 77% used [0x000000076eb00000,0x000000076f325498,0x000000076f580000)
  to   space 10752K, 0% used [0x000000076f580000,0x000000076f580000,0x0000000770000000)
 ParOldGen       total 175104K, used 80K [0x00000006c0000000, 0x00000006cab00000, 0x000000076ab00000)
  object space 175104K, 0% used [0x00000006c0000000,0x00000006c0014010,0x00000006cab00000)
 Metaspace       used 17530K, capacity 18718K, committed 19072K, reserved 1064960K
  class space    used 2629K, capacity 2830K, committed 2944K, reserved 1048576K
}
Event: 10.064 GC heap before
{Heap before GC invocations=2 (full 0):
 PSYoungGen      total 76288K, used 26967K [0x000000076ab00000, 0x0000000770000000, 0x00000007c0000000)
  eden space 65536K, 28% used [0x000000076ab00000,0x000000076bd30918,0x000000076eb00000)
  from space 10752K, 77% used [0x000000076eb00000,0x000000076f325498,0x000000076f580000)
  to   space 10752K, 0% used [0x000000076f580000,0x000000076f580000,0x0000000770000000)
 ParOldGen       total 175104K, used 80K [0x00000006c0000000, 0x00000006cab00000, 0x000000076ab00000)
  object space 175104K, 0% used [0x00000006c0000000,0x00000006c0014010,0x00000006cab00000)
 Metaspace       used 19737K, capacity 21188K, committed 21296K, reserved 1067008K
  class space    used 2857K, capacity 3151K, committed 3200K, reserved 1048576K
Event: 10.077 GC heap after
Heap after GC invocations=2 (full 0):
 PSYoungGen      total 76288K, used 10737K [0x000000076ab00000, 0x0000000770000000, 0x00000007c0000000)
  eden space 65536K, 0% used [0x000000076ab00000,0x000000076ab00000,0x000000076eb00000)
  from space 10752K, 99% used [0x000000076f580000,0x000000076fffc460,0x0000000770000000)
  to   space 10752K, 0% used [0x000000076eb00000,0x000000076eb00000,0x000000076f580000)
 ParOldGen       total 175104K, used 1641K [0x00000006c0000000, 0x00000006cab00000, 0x000000076ab00000)
  object space 175104K, 0% used [0x00000006c0000000,0x00000006c019a758,0x00000006cab00000)
 Metaspace       used 19737K, capacity 21188K, committed 21296K, reserved 1067008K
  class space    used 2857K, capacity 3151K, committed 3200K, reserved 1048576K
}
Event: 10.077 GC heap before
{Heap before GC invocations=3 (full 1):
 PSYoungGen      total 76288K, used 10737K [0x000000076ab00000, 0x0000000770000000, 0x00000007c0000000)
  eden space 65536K, 0% used [0x000000076ab00000,0x000000076ab00000,0x000000076eb00000)
  from space 10752K, 99% used [0x000000076f580000,0x000000076fffc460,0x0000000770000000)
  to   space 10752K, 0% used [0x000000076eb00000,0x000000076eb00000,0x000000076f580000)
 ParOldGen       total 175104K, used 1641K [0x00000006c0000000, 0x00000006cab00000, 0x000000076ab00000)
  object space 175104K, 0% used [0x00000006c0000000,0x00000006c019a758,0x00000006cab00000)
 Metaspace       used 19737K, capacity 21188K, committed 21296K, reserved 1067008K
  class space    used 2857K, capacity 3151K, committed 3200K, reserved 1048576K
Event: 10.122 GC heap after
Heap after GC invocations=3 (full 1):
 PSYoungGen      total 76288K, used 0K [0x000000076ab00000, 0x0000000770000000, 0x00000007c0000000)
  eden space 65536K, 0% used [0x000000076ab00000,0x000000076ab00000,0x000000076eb00000)
  from space 10752K, 0% used [0x000000076f580000,0x000000076f580000,0x0000000770000000)
  to   space 10752K, 0% used [0x000000076eb00000,0x000000076eb00000,0x000000076f580000)
 ParOldGen       total 79872K, used 12320K [0x00000006c0000000, 0x00000006c4e00000, 0x000000076ab00000)
  object space 79872K, 15% used [0x00000006c0000000,0x00000006c0c08020,0x00000006c4e00000)
 Metaspace       used 19737K, capacity 21188K, committed 21296K, reserved 1067008K
  class space    used 2857K, capacity 3151K, committed 3200K, reserved 1048576K
}
Event: 51.953 GC heap before
{Heap before GC invocations=4 (full 1):
 PSYoungGen      total 76288K, used 65536K [0x000000076ab00000, 0x0000000770000000, 0x00000007c0000000)
  eden space 65536K, 100% used [0x000000076ab00000,0x000000076eb00000,0x000000076eb00000)
  from space 10752K, 0% used [0x000000076f580000,0x000000076f580000,0x0000000770000000)
  to   space 10752K, 0% used [0x000000076eb00000,0x000000076eb00000,0x000000076f580000)
 ParOldGen       total 79872K, used 12320K [0x00000006c0000000, 0x00000006c4e00000, 0x000000076ab00000)
  object space 79872K, 15% used [0x00000006c0000000,0x00000006c0c08020,0x00000006c4e00000)
 Metaspace       used 30752K, capacity 32370K, committed 32640K, reserved 1077248K
  class space    used 4145K, capacity 4444K, committed 4480K, reserved 1048576K
Event: 51.959 GC heap after
Heap after GC invocations=4 (full 1):
 PSYoungGen      total 76288K, used 8703K [0x000000076ab00000, 0x0000000770000000, 0x00000007c0000000)
  eden space 65536K, 0% used [0x000000076ab00000,0x000000076ab00000,0x000000076eb00000)
  from space 10752K, 80% used [0x000000076eb00000,0x000000076f37ffb8,0x000000076f580000)
  to   space 10752K, 0% used [0x000000076f580000,0x000000076f580000,0x0000000770000000)
 ParOldGen       total 79872K, used 12328K [0x00000006c0000000, 0x00000006c4e00000, 0x000000076ab00000)
  object space 79872K, 15% used [0x00000006c0000000,0x00000006c0c0a020,0x00000006c4e00000)
 Metaspace       used 30752K, capacity 32370K, committed 32640K, reserved 1077248K
  class space    used 4145K, capacity 4444K, committed 4480K, reserved 1048576K
}

Deoptimization events (10 events):
Event: 42.021 Thread 0x00007ff0d198c000 Uncommon trap: reason=unstable_if action=reinterpret pc=0x000000010b32e2f4 method=java.lang.String.regionMatches(ZILjava/lang/String;II)Z @ 123
Event: 42.023 Thread 0x00007ff0d198c000 Uncommon trap: reason=unstable_if action=reinterpret pc=0x000000010b8fb4d0 method=java.util.concurrent.ConcurrentHashMap.get(Ljava/lang/Object;)Ljava/lang/Object; @ 138
Event: 42.057 Thread 0x00007ff0d198c000 Uncommon trap: reason=predicate action=maybe_recompile pc=0x000000010b86db04 method=sun.net.www.ParseUtil.encodePath(Ljava/lang/String;Z)Ljava/lang/String; @ 36
Event: 42.187 Thread 0x00007ff0d198c000 Uncommon trap: reason=unstable_if action=reinterpret pc=0x000000010bb1638c method=sun.util.logging.PlatformLogger.isLoggable(Lsun/util/logging/PlatformLogger$Level;)Z @ 18
Event: 42.188 Thread 0x00007ff0d198c000 Uncommon trap: reason=unstable_if action=reinterpret pc=0x000000010bca5cb8 method=sun.util.logging.PlatformLogger.isLoggable(Lsun/util/logging/PlatformLogger$Level;)Z @ 18
Event: 42.188 Thread 0x00007ff0d198c000 Uncommon trap: reason=unstable_if action=reinterpret pc=0x000000010b5a83ac method=sun.util.logging.PlatformLogger.isLoggable(Lsun/util/logging/PlatformLogger$Level;)Z @ 18
Event: 42.188 Thread 0x00007ff0d198c000 Uncommon trap: reason=unstable_if action=reinterpret pc=0x000000010b9ca4cc method=sun.util.logging.PlatformLogger.isLoggable(Lsun/util/logging/PlatformLogger$Level;)Z @ 18
Event: 51.009 Thread 0x00007ff0d198c000 Uncommon trap: reason=unstable_if action=reinterpret pc=0x000000010b1a1538 method=com.sun.glass.ui.mac.MacTouchInputSupport.notifyNextTouchEvent(Lcom/sun/glass/ui/View;IJIIII)V @ 121
Event: 51.323 Thread 0x00007ff0d198c000 Uncommon trap: reason=unstable_if action=reinterpret pc=0x000000010b479518 method=javafx.scene.control.Labeled$StyleableProperties$8.isSettable(Ljavafx/scene/control/Labeled;)Z @ 14
Event: 51.892 Thread 0x00007ff0d198c000 Uncommon trap: reason=unstable_if action=reinterpret pc=0x000000010bb74d10 method=com.sun.javafx.tk.quantum.QuantumToolkit.runWithoutRenderLock(Ljava/util/function/Supplier;)Ljava/lang/Object; @ 8

Internal exceptions (10 events):
Event: 41.958 Thread 0x00007ff0d198c000 Exception <a 'java/security/PrivilegedActionException'> (0x000000076e02c5b8) thrown at [/Users/java_re/workspace/8-2-build-macosx-x86_64/jdk8u144/9417/hotspot/src/share/vm/prims/jvm.cpp, line 1390]
Event: 41.958 Thread 0x00007ff0d198c000 Exception <a 'java/security/PrivilegedActionException'> (0x000000076e02cb98) thrown at [/Users/java_re/workspace/8-2-build-macosx-x86_64/jdk8u144/9417/hotspot/src/share/vm/prims/jvm.cpp, line 1390]
Event: 41.958 Thread 0x00007ff0d198c000 Exception <a 'java/security/PrivilegedActionException'> (0x000000076e02f250) thrown at [/Users/java_re/workspace/8-2-build-macosx-x86_64/jdk8u144/9417/hotspot/src/share/vm/prims/jvm.cpp, line 1390]
Event: 41.958 Thread 0x00007ff0d198c000 Exception <a 'java/security/PrivilegedActionException'> (0x000000076e02f830) thrown at [/Users/java_re/workspace/8-2-build-macosx-x86_64/jdk8u144/9417/hotspot/src/share/vm/prims/jvm.cpp, line 1390]
Event: 41.958 Thread 0x00007ff0d198c000 Exception <a 'java/security/PrivilegedActionException'> (0x000000076e0350a0) thrown at [/Users/java_re/workspace/8-2-build-macosx-x86_64/jdk8u144/9417/hotspot/src/share/vm/prims/jvm.cpp, line 1390]
Event: 41.958 Thread 0x00007ff0d198c000 Exception <a 'java/security/PrivilegedActionException'> (0x000000076e035868) thrown at [/Users/java_re/workspace/8-2-build-macosx-x86_64/jdk8u144/9417/hotspot/src/share/vm/prims/jvm.cpp, line 1390]
Event: 41.958 Thread 0x00007ff0d198c000 Exception <a 'java/security/PrivilegedActionException'> (0x000000076e038020) thrown at [/Users/java_re/workspace/8-2-build-macosx-x86_64/jdk8u144/9417/hotspot/src/share/vm/prims/jvm.cpp, line 1390]
Event: 41.958 Thread 0x00007ff0d198c000 Exception <a 'java/security/PrivilegedActionException'> (0x000000076e0387e8) thrown at [/Users/java_re/workspace/8-2-build-macosx-x86_64/jdk8u144/9417/hotspot/src/share/vm/prims/jvm.cpp, line 1390]
Event: 51.959 Thread 0x00007ff0d002f000 Exception <a 'java/lang/NullPointerException'> (0x000000076aba3db8) thrown at [/Users/java_re/workspace/8-2-build-macosx-x86_64/jdk8u144/9417/hotspot/src/share/vm/interpreter/linkResolver.cpp, line 1197]
Event: 51.962 Thread 0x00007ff0d002f000 Exception <a 'java/lang/NullPointerException'> (0x000000076aba4058) thrown at [/Users/java_re/workspace/8-2-build-macosx-x86_64/jdk8u144/9417/hotspot/src/share/vm/interpreter/linkResolver.cpp, line 1197]

Events (10 events):
Event: 51.983 loading class com/sun/javafx/tk/quantum/QuantumRenderer done
Event: 51.983 loading class com/sun/javafx/tk/quantum/QuantumToolkit
Event: 51.983 loading class com/sun/javafx/tk/quantum/QuantumToolkit done
Event: 51.983 Thread 0x00007ff0d020b000 Thread exited: 0x00007ff0d020b000
Event: 51.983 Thread 0x00007ff0d19c4800 Thread exited: 0x00007ff0d19c4800
Event: 51.984 Thread 0x00007ff0d0802000 Thread exited: 0x00007ff0d0802000
Event: 51.984 Thread 0x00007ff0d6980000 Thread added: 0x00007ff0d6980000
Event: 51.984 Thread 0x00007ff0d198c000 Thread exited: 0x00007ff0d198c000
Event: 52.477 loading class javax/swing/Timer$1
Event: 52.477 loading class javax/swing/Timer$1 done


Dynamic libraries:
0x00000000011fa000 	/System/Library/Frameworks/Cocoa.framework/Versions/A/Cocoa
0x00000000011fa000 	/System/Library/Frameworks/Security.framework/Versions/A/Security
0x00000000011fa000 	/System/Library/Frameworks/ApplicationServices.framework/Versions/A/ApplicationServices
0x00000000011fa000 	/usr/lib/libz.1.dylib
0x00000000011fa000 	/usr/lib/libSystem.B.dylib
0x00000000011fa000 	/usr/lib/libobjc.A.dylib
0x00000000011fa000 	/System/Library/Frameworks/CoreFoundation.framework/Versions/A/CoreFoundation
0x00000000011fa000 	/System/Library/Frameworks/Foundation.framework/Versions/C/Foundation
0x00000000011fa000 	/System/Library/Frameworks/AppKit.framework/Versions/C/AppKit
0x00000000011fa000 	/System/Library/Frameworks/CoreData.framework/Versions/A/CoreData
0x00000000011fa000 	/System/Library/PrivateFrameworks/RemoteViewServices.framework/Versions/A/RemoteViewServices
0x00000000011fa000 	/System/Library/PrivateFrameworks/UIFoundation.framework/Versions/A/UIFoundation
0x00000000011fa000 	/System/Library/PrivateFrameworks/DFRFoundation.framework/Versions/A/DFRFoundation
0x00000000011fa000 	/usr/lib/libenergytrace.dylib
0x00000000011fa000 	/System/Library/PrivateFrameworks/SkyLight.framework/Versions/A/SkyLight
0x00000000011fa000 	/System/Library/Frameworks/CoreGraphics.framework/Versions/A/CoreGraphics
0x00000000011fa000 	/usr/lib/libScreenReader.dylib
0x00000000011fa000 	/System/Library/Frameworks/Accelerate.framework/Versions/A/Accelerate
0x00000000011fa000 	/System/Library/Frameworks/IOSurface.framework/Versions/A/IOSurface
0x00000000011fa000 	/System/Library/Frameworks/AudioToolbox.framework/Versions/A/AudioToolbox
0x00000000011fa000 	/System/Library/Frameworks/AudioUnit.framework/Versions/A/AudioUnit
0x00000000011fa000 	/System/Library/PrivateFrameworks/DataDetectorsCore.framework/Versions/A/DataDetectorsCore
0x00000000011fa000 	/System/Library/PrivateFrameworks/DesktopServicesPriv.framework/Versions/A/DesktopServicesPriv
0x00000000011fa000 	/System/Library/Frameworks/Carbon.framework/Versions/A/Frameworks/HIToolbox.framework/Versions/A/HIToolbox
0x00000000011fa000 	/usr/lib/libicucore.A.dylib
0x00000000011fa000 	/System/Library/Frameworks/QuartzCore.framework/Versions/A/QuartzCore
0x00000000011fa000 	/System/Library/Frameworks/Carbon.framework/Versions/A/Frameworks/SpeechRecognition.framework/Versions/A/SpeechRecognition
0x00000000011fa000 	/usr/lib/libauto.dylib
0x00000000011fa000 	/usr/lib/libxml2.2.dylib
0x00000000011fa000 	/System/Library/PrivateFrameworks/CoreUI.framework/Versions/A/CoreUI
0x00000000011fa000 	/System/Library/Frameworks/CoreAudio.framework/Versions/A/CoreAudio
0x00000000011fa000 	/System/Library/Frameworks/DiskArbitration.framework/Versions/A/DiskArbitration
0x00000000011fa000 	/usr/lib/liblangid.dylib
0x00000000011fa000 	/System/Library/PrivateFrameworks/MultitouchSupport.framework/Versions/A/MultitouchSupport
0x00000000011fa000 	/System/Library/Frameworks/IOKit.framework/Versions/A/IOKit
0x00000000011fa000 	/usr/lib/libDiagnosticMessagesClient.dylib
0x00000000011fa000 	/System/Library/Frameworks/CoreServices.framework/Versions/A/CoreServices
0x00000000011fa000 	/System/Library/PrivateFrameworks/PerformanceAnalysis.framework/Versions/A/PerformanceAnalysis
0x00000000011fa000 	/System/Library/PrivateFrameworks/GenerationalStorage.framework/Versions/A/GenerationalStorage
0x00000000011fa000 	/System/Library/Frameworks/OpenGL.framework/Versions/A/OpenGL
0x00000000011fa000 	/System/Library/Frameworks/CoreImage.framework/Versions/A/CoreImage
0x00000000011fa000 	/System/Library/Frameworks/CoreText.framework/Versions/A/CoreText
0x00000000011fa000 	/System/Library/Frameworks/ImageIO.framework/Versions/A/ImageIO
0x00000000011fa000 	/System/Library/PrivateFrameworks/Backup.framework/Versions/A/Backup
0x00000000011fa000 	/usr/lib/libarchive.2.dylib
0x00000000011fa000 	/System/Library/Frameworks/CFNetwork.framework/Versions/A/CFNetwork
0x00000000011fa000 	/System/Library/Frameworks/SystemConfiguration.framework/Versions/A/SystemConfiguration
0x00000000011fa000 	/usr/lib/libCRFSuite.dylib
0x00000000011fa000 	/usr/lib/libc++.1.dylib
0x00000000011fa000 	/usr/lib/libc++abi.dylib
0x00000000011fa000 	/usr/lib/system/libcache.dylib
0x00000000011fa000 	/usr/lib/system/libcommonCrypto.dylib
0x00000000011fa000 	/usr/lib/system/libcompiler_rt.dylib
0x00000000011fa000 	/usr/lib/system/libcopyfile.dylib
0x00000000011fa000 	/usr/lib/system/libcorecrypto.dylib
0x00000000011fa000 	/usr/lib/system/libdispatch.dylib
0x00000000011fa000 	/usr/lib/system/libdyld.dylib
0x00000000011fa000 	/usr/lib/system/libkeymgr.dylib
0x00000000011fa000 	/usr/lib/system/liblaunch.dylib
0x00000000011fa000 	/usr/lib/system/libmacho.dylib
0x00000000011fa000 	/usr/lib/system/libquarantine.dylib
0x00000000011fa000 	/usr/lib/system/libremovefile.dylib
0x00000000011fa000 	/usr/lib/system/libsystem_asl.dylib
0x00000000011fa000 	/usr/lib/system/libsystem_blocks.dylib
0x00000000011fa000 	/usr/lib/system/libsystem_c.dylib
0x00000000011fa000 	/usr/lib/system/libsystem_configuration.dylib
0x00000000011fa000 	/usr/lib/system/libsystem_coreservices.dylib
0x00000000011fa000 	/usr/lib/system/libsystem_coretls.dylib
0x00000000011fa000 	/usr/lib/system/libsystem_dnssd.dylib
0x00000000011fa000 	/usr/lib/system/libsystem_info.dylib
0x00000000011fa000 	/usr/lib/system/libsystem_kernel.dylib
0x00000000011fa000 	/usr/lib/system/libsystem_m.dylib
0x00000000011fa000 	/usr/lib/system/libsystem_malloc.dylib
0x00000000011fa000 	/usr/lib/system/libsystem_network.dylib
0x00000000011fa000 	/usr/lib/system/libsystem_networkextension.dylib
0x00000000011fa000 	/usr/lib/system/libsystem_notify.dylib
0x00000000011fa000 	/usr/lib/system/libsystem_platform.dylib
0x00000000011fa000 	/usr/lib/system/libsystem_pthread.dylib
0x00000000011fa000 	/usr/lib/system/libsystem_sandbox.dylib
0x00000000011fa000 	/usr/lib/system/libsystem_secinit.dylib
0x00000000011fa000 	/usr/lib/system/libsystem_symptoms.dylib
0x00000000011fa000 	/usr/lib/system/libsystem_trace.dylib
0x00000000011fa000 	/usr/lib/system/libunwind.dylib
0x00000000011fa000 	/usr/lib/system/libxpc.dylib
0x00000000011fa000 	/usr/lib/libbsm.0.dylib
0x00000000011fa000 	/usr/lib/system/libkxld.dylib
0x00000000011fa000 	/usr/lib/libcoretls.dylib
0x00000000011fa000 	/usr/lib/libcoretls_cfhelpers.dylib
0x00000000011fa000 	/usr/lib/libOpenScriptingUtil.dylib
0x00000000011fa000 	/usr/lib/libpam.2.dylib
0x00000000011fa000 	/usr/lib/libsqlite3.dylib
0x00000000011fa000 	/usr/lib/libxar.1.dylib
0x00000000011fa000 	/usr/lib/libbz2.1.0.dylib
0x00000000011fa000 	/usr/lib/liblzma.5.dylib
0x00000000011fa000 	/usr/lib/libnetwork.dylib
0x00000000011fa000 	/usr/lib/libpcap.A.dylib
0x00000000011fa000 	/System/Library/Frameworks/CoreServices.framework/Versions/A/Frameworks/FSEvents.framework/Versions/A/FSEvents
0x00000000011fa000 	/System/Library/Frameworks/CoreServices.framework/Versions/A/Frameworks/CarbonCore.framework/Versions/A/CarbonCore
0x00000000011fa000 	/System/Library/Frameworks/CoreServices.framework/Versions/A/Frameworks/Metadata.framework/Versions/A/Metadata
0x00000000011fa000 	/System/Library/Frameworks/CoreServices.framework/Versions/A/Frameworks/OSServices.framework/Versions/A/OSServices
0x00000000011fa000 	/System/Library/Frameworks/CoreServices.framework/Versions/A/Frameworks/SearchKit.framework/Versions/A/SearchKit
0x00000000011fa000 	/System/Library/Frameworks/CoreServices.framework/Versions/A/Frameworks/AE.framework/Versions/A/AE
0x00000000011fa000 	/System/Library/Frameworks/CoreServices.framework/Versions/A/Frameworks/LaunchServices.framework/Versions/A/LaunchServices
0x00000000011fa000 	/System/Library/Frameworks/CoreServices.framework/Versions/A/Frameworks/DictionaryServices.framework/Versions/A/DictionaryServices
0x00000000011fa000 	/System/Library/Frameworks/CoreServices.framework/Versions/A/Frameworks/SharedFileList.framework/Versions/A/SharedFileList
0x00000000011fa000 	/System/Library/Frameworks/NetFS.framework/Versions/A/NetFS
0x00000000011fa000 	/System/Library/PrivateFrameworks/NetAuth.framework/Versions/A/NetAuth
0x00000000011fa000 	/System/Library/PrivateFrameworks/login.framework/Versions/A/Frameworks/loginsupport.framework/Versions/A/loginsupport
0x00000000011fa000 	/System/Library/PrivateFrameworks/TCC.framework/Versions/A/TCC
0x00000000011fa000 	/usr/lib/libmecabra.dylib
0x00000000011fa000 	/System/Library/Frameworks/ApplicationServices.framework/Versions/A/Frameworks/ATS.framework/Versions/A/ATS
0x00000000011fa000 	/System/Library/Frameworks/ApplicationServices.framework/Versions/A/Frameworks/ColorSync.framework/Versions/A/ColorSync
0x00000000011fa000 	/System/Library/Frameworks/ApplicationServices.framework/Versions/A/Frameworks/HIServices.framework/Versions/A/HIServices
0x00000000011fa000 	/System/Library/Frameworks/ApplicationServices.framework/Versions/A/Frameworks/LangAnalysis.framework/Versions/A/LangAnalysis
0x00000000011fa000 	/System/Library/Frameworks/ApplicationServices.framework/Versions/A/Frameworks/PrintCore.framework/Versions/A/PrintCore
0x00000000011fa000 	/System/Library/Frameworks/ApplicationServices.framework/Versions/A/Frameworks/QD.framework/Versions/A/QD
0x00000000011fa000 	/System/Library/Frameworks/ApplicationServices.framework/Versions/A/Frameworks/SpeechSynthesis.framework/Versions/A/SpeechSynthesis
0x00000000011fa000 	/System/Library/Frameworks/Accelerate.framework/Versions/A/Frameworks/vImage.framework/Versions/A/vImage
0x00000000011fa000 	/System/Library/Frameworks/Accelerate.framework/Versions/A/Frameworks/vecLib.framework/Versions/A/vecLib
0x00000000011fa000 	/System/Library/Frameworks/Accelerate.framework/Versions/A/Frameworks/vecLib.framework/Versions/A/libvDSP.dylib
0x00000000011fa000 	/System/Library/Frameworks/Accelerate.framework/Versions/A/Frameworks/vecLib.framework/Versions/A/libBNNS.dylib
0x00000000011fa000 	/System/Library/Frameworks/Accelerate.framework/Versions/A/Frameworks/vecLib.framework/Versions/A/libQuadrature.dylib
0x00000000011fa000 	/System/Library/Frameworks/Accelerate.framework/Versions/A/Frameworks/vecLib.framework/Versions/A/libvMisc.dylib
0x00000000011fa000 	/System/Library/Frameworks/Accelerate.framework/Versions/A/Frameworks/vecLib.framework/Versions/A/libLAPACK.dylib
0x00000000011fa000 	/System/Library/Frameworks/Accelerate.framework/Versions/A/Frameworks/vecLib.framework/Versions/A/libBLAS.dylib
0x00000000011fa000 	/System/Library/Frameworks/Accelerate.framework/Versions/A/Frameworks/vecLib.framework/Versions/A/libLinearAlgebra.dylib
0x00000000011fa000 	/System/Library/Frameworks/Accelerate.framework/Versions/A/Frameworks/vecLib.framework/Versions/A/libSparseBLAS.dylib
0x00000000011fa000 	/System/Library/Frameworks/ApplicationServices.framework/Versions/A/Frameworks/ATS.framework/Versions/A/Resources/libFontParser.dylib
0x00000000011fa000 	/System/Library/Frameworks/ApplicationServices.framework/Versions/A/Frameworks/ATS.framework/Versions/A/Resources/libFontRegistry.dylib
0x00000000011fa000 	/System/Library/Frameworks/ImageIO.framework/Versions/A/Resources/libJPEG.dylib
0x00000000011fa000 	/System/Library/Frameworks/ImageIO.framework/Versions/A/Resources/libTIFF.dylib
0x00000000011fa000 	/System/Library/Frameworks/ImageIO.framework/Versions/A/Resources/libPng.dylib
0x00000000011fa000 	/System/Library/Frameworks/ImageIO.framework/Versions/A/Resources/libGIF.dylib
0x00000000011fa000 	/System/Library/Frameworks/ImageIO.framework/Versions/A/Resources/libJP2.dylib
0x00000000011fa000 	/System/Library/Frameworks/ImageIO.framework/Versions/A/Resources/libRadiance.dylib
0x00000000011fa000 	/usr/lib/libcompression.dylib
0x00000000011fa000 	/System/Library/PrivateFrameworks/AppleJPEG.framework/Versions/A/AppleJPEG
0x00000000011fa000 	/usr/lib/libcups.2.dylib
0x00000000011fa000 	/System/Library/Frameworks/Kerberos.framework/Versions/A/Kerberos
0x00000000011fa000 	/System/Library/Frameworks/GSS.framework/Versions/A/GSS
0x00000000011fa000 	/usr/lib/libresolv.9.dylib
0x00000000011fa000 	/usr/lib/libiconv.2.dylib
0x00000000011fa000 	/System/Library/PrivateFrameworks/Heimdal.framework/Versions/A/Heimdal
0x00000000011fa000 	/usr/lib/libheimdal-asn1.dylib
0x00000000011fa000 	/System/Library/Frameworks/OpenDirectory.framework/Versions/A/OpenDirectory
0x00000000011fa000 	/System/Library/PrivateFrameworks/CommonAuth.framework/Versions/A/CommonAuth
0x00000000011fa000 	/System/Library/Frameworks/OpenDirectory.framework/Versions/A/Frameworks/CFOpenDirectory.framework/Versions/A/CFOpenDirectory
0x00000000011fa000 	/System/Library/Frameworks/SecurityFoundation.framework/Versions/A/SecurityFoundation
0x00000000011fa000 	/System/Library/PrivateFrameworks/LanguageModeling.framework/Versions/A/LanguageModeling
0x00000000011fa000 	/usr/lib/libmarisa.dylib
0x00000000011fa000 	/usr/lib/libChineseTokenizer.dylib
0x00000000011fa000 	/usr/lib/libcmph.dylib
0x00000000011fa000 	/System/Library/PrivateFrameworks/CoreEmoji.framework/Versions/A/CoreEmoji
0x00000000011fa000 	/System/Library/Frameworks/ServiceManagement.framework/Versions/A/ServiceManagement
0x00000000011fa000 	/usr/lib/libxslt.1.dylib
0x00000000011fa000 	/System/Library/Frameworks/Carbon.framework/Versions/A/Frameworks/Ink.framework/Versions/A/Ink
0x00000000011fa000 	/System/Library/PrivateFrameworks/TextureIO.framework/Versions/A/TextureIO
0x00000000011fa000 	/System/Library/Frameworks/Metal.framework/Versions/A/Metal
0x00000000011fa000 	/usr/lib/libate.dylib
0x00000000011fa000 	/System/Library/PrivateFrameworks/GPUCompiler.framework/libmetal_timestamp.dylib
0x00000000011fa000 	/System/Library/Frameworks/OpenGL.framework/Versions/A/Libraries/libCoreFSCache.dylib
0x00000000011fa000 	/System/Library/PrivateFrameworks/IOAccelerator.framework/Versions/A/IOAccelerator
0x00000000011fa000 	/System/Library/Frameworks/CoreVideo.framework/Versions/A/CoreVideo
0x00000000011fa000 	/usr/lib/libFosl_dynamic.dylib
0x00000000011fa000 	/System/Library/PrivateFrameworks/MetalPerformanceShaders.framework/Versions/A/MetalPerformanceShaders
0x00000000011fa000 	/System/Library/PrivateFrameworks/FaceCore.framework/Versions/A/FaceCore
0x00000000011fa000 	/System/Library/Frameworks/OpenCL.framework/Versions/A/OpenCL
0x00000000011fa000 	/System/Library/Frameworks/OpenGL.framework/Versions/A/Libraries/libGLU.dylib
0x00000000011fa000 	/System/Library/Frameworks/OpenGL.framework/Versions/A/Libraries/libGFXShared.dylib
0x00000000011fa000 	/System/Library/Frameworks/OpenGL.framework/Versions/A/Libraries/libGL.dylib
0x00000000011fa000 	/System/Library/Frameworks/OpenGL.framework/Versions/A/Libraries/libGLImage.dylib
0x00000000011fa000 	/System/Library/Frameworks/OpenGL.framework/Versions/A/Libraries/libCVMSPluginSupport.dylib
0x00000000011fa000 	/System/Library/Frameworks/OpenGL.framework/Versions/A/Libraries/libCoreVMClient.dylib
0x00000000011fa000 	/System/Library/PrivateFrameworks/CrashReporterSupport.framework/Versions/A/CrashReporterSupport
0x00000000011fa000 	/System/Library/PrivateFrameworks/Sharing.framework/Versions/A/Sharing
0x00000000011fa000 	/System/Library/PrivateFrameworks/IconServices.framework/Versions/A/IconServices
0x00000000011fa000 	/System/Library/PrivateFrameworks/ProtocolBuffer.framework/Versions/A/ProtocolBuffer
0x00000000011fa000 	/System/Library/PrivateFrameworks/Apple80211.framework/Versions/A/Apple80211
0x00000000011fa000 	/System/Library/Frameworks/CoreWLAN.framework/Versions/A/CoreWLAN
0x00000000011fa000 	/System/Library/PrivateFrameworks/CoreUtils.framework/Versions/A/CoreUtils
0x00000000011fa000 	/System/Library/Frameworks/IOBluetooth.framework/Versions/A/IOBluetooth
0x00000000011fa000 	/System/Library/PrivateFrameworks/CoreWiFi.framework/Versions/A/CoreWiFi
0x00000000011fa000 	/System/Library/Frameworks/CoreBluetooth.framework/Versions/A/CoreBluetooth
0x00000000011fa000 	/System/Library/Frameworks/CoreDisplay.framework/Versions/A/CoreDisplay
0x00000000011fa000 	/System/Library/PrivateFrameworks/IOPresentment.framework/Versions/A/IOPresentment
0x00000000011fa000 	/System/Library/PrivateFrameworks/DSExternalDisplay.framework/Versions/A/DSExternalDisplay
0x00000000011fa000 	/System/Library/PrivateFrameworks/DebugSymbols.framework/Versions/A/DebugSymbols
0x00000000011fa000 	/System/Library/PrivateFrameworks/CoreSymbolication.framework/Versions/A/CoreSymbolication
0x00000000011fa000 	/System/Library/PrivateFrameworks/Symbolication.framework/Versions/A/Symbolication
0x00000000011fa000 	/System/Library/PrivateFrameworks/AppleFSCompression.framework/Versions/A/AppleFSCompression
0x00000000011fa000 	/System/Library/PrivateFrameworks/SpeechRecognitionCore.framework/Versions/A/SpeechRecognitionCore
0x00000000011fa000 	/System/Library/PrivateFrameworks/ChunkingLibrary.framework/Versions/A/ChunkingLibrary
0x0000000107b02000 	/System/Library/CoreServices/Encodings/libSimplifiedChineseConverter.dylib
0x0000000107b46000 	/Library/Java/JavaVirtualMachines/jdk1.8.0_144.jdk/Contents/Home/jre/lib/server/libjvm.dylib
0x00000000011fa000 	/usr/lib/libstdc++.6.dylib
0x0000000108aed000 	/Library/Java/JavaVirtualMachines/jdk1.8.0_144.jdk/Contents/Home/jre/lib/libverify.dylib
0x0000000108afb000 	/Library/Java/JavaVirtualMachines/jdk1.8.0_144.jdk/Contents/Home/jre/lib/libjava.dylib
0x0000000108b31000 	/Library/Java/JavaVirtualMachines/jdk1.8.0_144.jdk/Contents/Home/jre/lib/libinstrument.dylib
0x0000000108b8f000 	/Library/Java/JavaVirtualMachines/jdk1.8.0_144.jdk/Contents/Home/jre/lib/libzip.dylib
0x0000000123854000 	/System/Library/Frameworks/JavaVM.framework/Frameworks/JavaRuntimeSupport.framework/JavaRuntimeSupport
0x0000000108be8000 	/System/Library/Frameworks/JavaVM.framework/Versions/A/Frameworks/JavaNativeFoundation.framework/Versions/A/JavaNativeFoundation
0x000000012386e000 	/System/Library/Frameworks/JavaVM.framework/Versions/A/JavaVM
0x00000000011fa000 	/System/Library/Frameworks/Carbon.framework/Versions/A/Carbon
0x000000012387b000 	/System/Library/PrivateFrameworks/JavaLaunching.framework/Versions/A/JavaLaunching
0x00000000011fa000 	/System/Library/Frameworks/Carbon.framework/Versions/A/Frameworks/CommonPanels.framework/Versions/A/CommonPanels
0x00000000011fa000 	/System/Library/Frameworks/Carbon.framework/Versions/A/Frameworks/Help.framework/Versions/A/Help
0x00000000011fa000 	/System/Library/Frameworks/Carbon.framework/Versions/A/Frameworks/ImageCapture.framework/Versions/A/ImageCapture
0x00000000011fa000 	/System/Library/Frameworks/Carbon.framework/Versions/A/Frameworks/OpenScripting.framework/Versions/A/OpenScripting
0x00000000011fa000 	/System/Library/Frameworks/Carbon.framework/Versions/A/Frameworks/Print.framework/Versions/A/Print
0x00000000011fa000 	/System/Library/Frameworks/Carbon.framework/Versions/A/Frameworks/SecurityHI.framework/Versions/A/SecurityHI
0x00000001252ce000 	/Library/Java/JavaVirtualMachines/jdk1.8.0_144.jdk/Contents/Home/jre/lib/libnet.dylib
0x00000001253c3000 	/Library/Java/JavaVirtualMachines/jdk1.8.0_144.jdk/Contents/Home/jre/lib/libprism_es2.dylib
0x0000000125429000 	/System/Library/Frameworks/OpenGL.framework/Resources/GLEngine.bundle/GLEngine
0x00000000011fa000 	/System/Library/Frameworks/OpenGL.framework/Versions/A/Libraries/libGLProgrammability.dylib
0x000000012560e000 	/System/Library/Extensions/AppleIntelKBLGraphicsGLDriver.bundle/Contents/MacOS/AppleIntelKBLGraphicsGLDriver
0x00000000011fa000 	/System/Library/PrivateFrameworks/GPUSupport.framework/Versions/A/Libraries/libGPUSupportMercury.dylib
0x0000000126395000 	/System/Library/Frameworks/OpenGL.framework/Resources//GLRendererFloat.bundle/GLRendererFloat
0x00000000011fa000 	/System/Library/Frameworks/OpenCL.framework/Versions/A/Libraries/libcldcpuengine.dylib
0x00000000011fa000 	/usr/lib/libcrypto.0.9.8.dylib
0x00000000011fa000 	/System/Library/PrivateFrameworks/TrustEvaluationAgent.framework/Versions/A/TrustEvaluationAgent
0x00000001267b8000 	/Library/Java/JavaVirtualMachines/jdk1.8.0_144.jdk/Contents/Home/jre/lib/libglass.dylib
0x00000000011fa000 	/System/Library/PrivateFrameworks/CoreServicesInternal.framework/Versions/A/CoreServicesInternal
0x00000000011fa000 	/System/Library/CoreServices/RawCamera.bundle/Contents/MacOS/RawCamera
0x00000000011fa000 	/System/Library/Frameworks/Accelerate.framework/Versions/A/Frameworks/vImage.framework/Versions/A/Libraries/libCGInterfaces.dylib
0x00000000011fa000 	/System/Library/PrivateFrameworks/FamilyControls.framework/Versions/A/FamilyControls
0x00000000011fa000 	/System/Library/PrivateFrameworks/CommerceKit.framework/Versions/A/Frameworks/CommerceCore.framework/Versions/A/CommerceCore
0x00000000011fa000 	/System/Library/PrivateFrameworks/SystemAdministration.framework/Versions/A/SystemAdministration
0x00000000011fa000 	/System/Library/PrivateFrameworks/AppContainer.framework/Versions/A/AppContainer
0x00000000011fa000 	/System/Library/PrivateFrameworks/SecCodeWrapper.framework/Versions/A/SecCodeWrapper
0x00000000011fa000 	/System/Library/Frameworks/DirectoryService.framework/Versions/A/DirectoryService
0x00000000011fa000 	/System/Library/PrivateFrameworks/DiskImages.framework/Versions/A/DiskImages
0x00000000011fa000 	/System/Library/PrivateFrameworks/LoginUIKit.framework/Versions/A/Frameworks/LoginUICore.framework/Versions/A/LoginUICore
0x00000000011fa000 	/usr/lib/libCoreStorage.dylib
0x00000000011fa000 	/usr/lib/libcsfde.dylib
0x00000000011fa000 	/usr/lib/libodfde.dylib
0x00000000011fa000 	/System/Library/Frameworks/DiscRecording.framework/Versions/A/DiscRecording
0x00000000011fa000 	/usr/lib/libcurl.4.dylib
0x00000000011fa000 	/System/Library/PrivateFrameworks/MediaKit.framework/Versions/A/MediaKit
0x00000000011fa000 	/System/Library/PrivateFrameworks/ProtectedCloudStorage.framework/Versions/A/ProtectedCloudStorage
0x00000000011fa000 	/System/Library/PrivateFrameworks/EFILogin.framework/Versions/A/EFILogin
0x00000000011fa000 	/usr/lib/libutil.dylib
0x00000000011fa000 	/System/Library/Frameworks/LDAP.framework/Versions/A/LDAP
0x00000000011fa000 	/usr/lib/libsasl2.2.dylib
0x00000000011fa000 	/System/Library/PrivateFrameworks/CoreDaemon.framework/Versions/B/CoreDaemon
0x00000000011fa000 	/System/Library/PrivateFrameworks/AppleSRP.framework/Versions/A/AppleSRP
0x00000000011fa000 	/System/Library/PrivateFrameworks/APFS.framework/Versions/A/APFS
0x000000012998f000 	/Library/Java/JavaVirtualMachines/jdk1.8.0_144.jdk/Contents/Home/jre/lib/libjavafx_font.dylib
0x00000000011fa000 	/System/Library/Frameworks/ApplicationServices.framework/Versions/A/Frameworks/ATS.framework/Versions/A/Resources/libTrueTypeScaler.dylib
0x0000000131d51000 	/System/Library/Extensions/AppleIntelKBLGraphicsMTLDriver.bundle/Contents/MacOS/AppleIntelKBLGraphicsMTLDriver
0x00000000011fa000 	/System/Library/PrivateFrameworks/ViewBridge.framework/Versions/A/ViewBridge
0x00000000011fa000 	/System/Library/PrivateFrameworks/XPCService.framework/Versions/A/XPCService
0x00000000011fa000 	/System/Library/PrivateFrameworks/AppSandbox.framework/Versions/A/AppSandbox
0x00000000011fa000 	/usr/lib/libsandbox.1.dylib
0x00000000011fa000 	/usr/lib/libMatch.1.dylib
0x000000012a9be000 	/Library/Java/JavaVirtualMachines/jdk1.8.0_144.jdk/Contents/Home/jre/lib/libprism_common.dylib
0x000000012b86f000 	/Library/Java/JavaVirtualMachines/jdk1.8.0_144.jdk/Contents/Home/jre/lib/libawt.dylib
0x000000012b95c000 	/Library/Java/JavaVirtualMachines/jdk1.8.0_144.jdk/Contents/Home/jre/lib/./libmlib_image.dylib
0x000000012bb21000 	/Library/Java/JavaVirtualMachines/jdk1.8.0_144.jdk/Contents/Home/jre/lib/libawt_lwawt.dylib
0x0000000126a33000 	/Library/Java/JavaVirtualMachines/jdk1.8.0_144.jdk/Contents/Home/jre/lib/./libosxapp.dylib
0x00000000011fa000 	/System/Library/Frameworks/ExceptionHandling.framework/Versions/A/ExceptionHandling
0x0000000136873000 	/Library/Java/JavaVirtualMachines/jdk1.8.0_144.jdk/Contents/Home/jre/lib/libfontmanager.dylib
0x000000012973a000 	/Library/Java/JavaVirtualMachines/jdk1.8.0_144.jdk/Contents/Home/jre/lib/libosxui.dylib
0x000000012bc18000 	/Library/Java/JavaVirtualMachines/jdk1.8.0_144.jdk/Contents/Home/jre/lib/libnio.dylib

VM Arguments:
jvm_args: -javaagent:/Applications/IntelliJ IDEA.app/Contents/lib/idea_rt.jar=60764:/Applications/IntelliJ IDEA.app/Contents/bin -Dfile.encoding=GBK 
java_command: javaDemo.MainApp
java_class_path (initial): /Library/Java/JavaVirtualMachines/jdk1.8.0_144.jdk/Contents/Home/jre/lib/charsets.jar:/Library/Java/JavaVirtualMachines/jdk1.8.0_144.jdk/Contents/Home/jre/lib/deploy.jar:/Library/Java/JavaVirtualMachines/jdk1.8.0_144.jdk/Contents/Home/jre/lib/ext/cldrdata.jar:/Library/Java/JavaVirtualMachines/jdk1.8.0_144.jdk/Contents/Home/jre/lib/ext/dnsns.jar:/Library/Java/JavaVirtualMachines/jdk1.8.0_144.jdk/Contents/Home/jre/lib/ext/jaccess.jar:/Library/Java/JavaVirtualMachines/jdk1.8.0_144.jdk/Contents/Home/jre/lib/ext/jfxrt.jar:/Library/Java/JavaVirtualMachines/jdk1.8.0_144.jdk/Contents/Home/jre/lib/ext/localedata.jar:/Library/Java/JavaVirtualMachines/jdk1.8.0_144.jdk/Contents/Home/jre/lib/ext/nashorn.jar:/Library/Java/JavaVirtualMachines/jdk1.8.0_144.jdk/Contents/Home/jre/lib/ext/sunec.jar:/Library/Java/JavaVirtualMachines/jdk1.8.0_144.jdk/Contents/Home/jre/lib/ext/sunjce_provider.jar:/Library/Java/JavaVirtualMachines/jdk1.8.0_144.jdk/Contents/Home/jre/lib/ext/sunpkcs11.jar:/Library/Java/JavaVirtualMachines/jdk1.8.0_144.jdk/Contents/Home/jre/lib/ext/zipfs.jar:/Library/Java/JavaVirtualMachines/jdk1.8.0_144.jdk/Contents/Home/jre/lib/javaws.jar:/Library/Java/JavaVirtualMachines/jdk1.8.0_144.jdk/Contents/Home/jre/lib/jce.jar:/Library/Java/JavaVirtualMachines/jdk1.8.0_144.jdk/Contents/Home/jre/lib/jfr.jar:/Library/Java/JavaVirtualMachines/jdk1.8.0_144.jdk/Contents/Home/jre/lib/jfxswt.jar:/Library/Java/JavaVirtualMachines/jdk1.8.0_144.jdk/Contents/Home/jre/lib/jsse.jar:/Library/Java/JavaVirtualMachines/jdk1.8.0_144.jdk/Contents/Home/jre/lib/management-agent.jar:/Library/Java/JavaVirtualMachines/jdk1.8.0_144.jdk/Contents/Home/jre/lib/plugin.jar:/Library/Java/JavaVirtualMachines/jdk1.8.0_144.jdk/Contents/Home/jre/lib/resources.jar:/Library/Java/JavaVirtualMachines/jdk1.8.0_144.jdk/Contents/Home/jre/lib/rt.jar:/Library/Java/JavaVirtualMachines/jdk1.8.0_144.jdk/Contents/Home/lib/ant-javafx.jar:/Library/Java/JavaVirtualMachines/jdk1.8.0_144.jdk/Contents/Home
Launcher Type: SUN_STANDARD

Environment Variables:
PATH=/usr/local/bin:/usr/bin:/bin:/usr/sbin:/sbin:/usr/local/mysql/bin
SHELL=/bin/bash

Signal Handlers:
SIGSEGV: [libjvm.dylib+0x5b26e5], sa_mask[0]=11111111011111110111111111111111, sa_flags=SA_ONSTACK|SA_RESTART|SA_SIGINFO
SIGBUS: [libjvm.dylib+0x5b26e5], sa_mask[0]=11111111011111110111111111111111, sa_flags=SA_RESTART|SA_SIGINFO
SIGFPE: [libjvm.dylib+0x489100], sa_mask[0]=11111111011111110111111111111111, sa_flags=SA_RESTART|SA_SIGINFO
SIGPIPE: [libjvm.dylib+0x489100], sa_mask[0]=11111111011111110111111111111111, sa_flags=SA_RESTART|SA_SIGINFO
SIGXFSZ: [libjvm.dylib+0x489100], sa_mask[0]=11111111011111110111111111111111, sa_flags=SA_RESTART|SA_SIGINFO
SIGILL: [libjvm.dylib+0x489100], sa_mask[0]=11111111011111110111111111111111, sa_flags=SA_RESTART|SA_SIGINFO
SIGUSR1: SIG_DFL, sa_mask[0]=00000000000000000000000000000000, sa_flags=none
SIGUSR2: [libjvm.dylib+0x488c1e], sa_mask[0]=00100000000000000000000000000000, sa_flags=SA_RESTART|SA_SIGINFO
SIGHUP: [libjvm.dylib+0x4871f5], sa_mask[0]=11111111011111110111111111111111, sa_flags=SA_RESTART|SA_SIGINFO
SIGINT: [libjvm.dylib+0x4871f5], sa_mask[0]=11111111011111110111111111111111, sa_flags=SA_RESTART|SA_SIGINFO
SIGTERM: [libjvm.dylib+0x4871f5], sa_mask[0]=11111111011111110111111111111111, sa_flags=SA_RESTART|SA_SIGINFO
SIGQUIT: [libjvm.dylib+0x4871f5], sa_mask[0]=11111111011111110111111111111111, sa_flags=SA_RESTART|SA_SIGINFO


---------------  S Y S T E M  ---------------

OS:Bsduname:Darwin 16.7.0 Darwin Kernel Version 16.7.0: Thu Jun 15 17:36:27 PDT 2017; root:xnu-3789.70.16~2/RELEASE_X86_64 x86_64
rlimit: STACK 8192k, CORE 0k, NPROC 709, NOFILE 10240, AS infinity
load average:2.35 2.72 2.70

CPU:total 4 (initial active 4) (2 cores per cpu, 2 threads per core) family 6 model 142 stepping 9, cmov, cx8, fxsr, mmx, sse, sse2, sse3, ssse3, sse4.1, sse4.2, popcnt, avx, avx2, aes, clmul, erms, 3dnowpref, lzcnt, ht, tsc, tscinvbit, bmi1, bmi2, adx

Memory: 4k page, physical 16777216k(3906088k free)

/proc/meminfo:


vm_info: Java HotSpot(TM) 64-Bit Server VM (25.144-b01) for bsd-amd64 JRE (1.8.0_144-b01), built on Jul 21 2017 22:07:42 by "java_re" with gcc 4.2.1 (Based on Apple Inc. build 5658) (LLVM build 2336.11.00)

time: Sun Nov 26 15:56:26 2017
elapsed time: 52 seconds (0d 0h 0m 52s)

