#
# A fatal error has been detected by the Java Runtime Environment:
#
#  SIGSEGV (0xb) at pc=0x0000000102ebc7a6, pid=2865, tid=0x0000000000000307
#
# JRE version: Java(TM) SE Runtime Environment (8.0_144-b01) (build 1.8.0_144-b01)
# Java VM: Java HotSpot(TM) 64-Bit Server VM (25.144-b01 mixed mode bsd-amd64 compressed oops)
# Problematic frame:
# V  [libjvm.dylib+0x16a7a6]
#
# Failed to write core dump. Core dumps have been disabled. To enable core dumping, try "ulimit -c unlimited" before starting Java again
#
# If you would like to submit a bug report, please visit:
#   http://bugreport.java.com/bugreport/crash.jsp
#

---------------  T H R E A D  ---------------

Current thread is native thread

siginfo: si_signo: 11 (SIGSEGV), si_code: 1 (SEGV_MAPERR), si_addr: 0x0000000000000270

Registers:
RAX=0x0000000000000000, RBX=0x0000000000000000, RCX=0x0000000103583500, RDX=0x0000000000000000
RSP=0x00007fff5cf3a5c0, RBP=0x00007fff5cf3a5d0, RSI=0x0000000000000006, RDI=0x00007fff5cf3a5e0
R8 =0x0000000000000000, R9 =0x0000000000000320, R10=0x000000011ea7aee0, R11=0x00007fe4e150d950
R12=0x00007fe4de0ce1f8, R13=0x00007fe4e11f4b80, R14=0x00007fe4dc4f0658, R15=0x00007fe4de0ce1f8
RIP=0x0000000102ebc7a6, EFLAGS=0x0000000000010246, ERR=0x0000000000000006
  TRAPNO=0x000000000000000e

Top of Stack: (sp=0x00007fff5cf3a5c0)
0x00007fff5cf3a5c0:   0000000000000000 00007fe4dc4f0658
0x00007fff5cf3a5d0:   00007fff5cf3a600 0000000103066ebe
0x00007fff5cf3a5e0:   0000000000000000 00007fe4e11f3a70
0x00007fff5cf3a5f0:   0000000000000008 00007fe4e11f4210
0x00007fff5cf3a600:   00007fff5cf3a620 000000011ea76e3a
0x00007fff5cf3a610:   00007fe4de0ce1f8 00007fe4e2465400
0x00007fff5cf3a620:   00007fff5cf3a640 000000011ea76c44
0x00007fff5cf3a630:   00007fe4e11f3a00 00007fe4deff7990
0x00007fff5cf3a640:   00007fff5cf3a6a0 000000012f638ff3
0x00007fff5cf3a650:   4530b4dcf07d0073 0000000000000000
0x00007fff5cf3a660:   40e06a36cec87970 0000000000000000
0x00007fff5cf3a670:   00007fff5cf3a6a0 00007fe4e11f4210
0x00007fff5cf3a680:   00007fe4deb029c0 00007fe4e11f4b80
0x00007fff5cf3a690:   00007fe4e11f4210 00007fff8b48c040
0x00007fff5cf3a6a0:   00007fff5cf3a720 00007fff7c229165
0x00007fff5cf3a6b0:   00007fe4dda6ce00 0000000000000000
0x00007fff5cf3a6c0:   000002f45cf3a700 00007fe4e2465400
0x00007fff5cf3a6d0:   0000000000000000 0000000000000000
0x00007fff5cf3a6e0:   0000000400000000 40e06a36cec87970
0x00007fff5cf3a6f0:   00007fff5cf3a720 00007fe4e11f4210
0x00007fff5cf3a700:   0000000000000004 0000000000000000
0x00007fff5cf3a710:   00007fff8b48c040 00007fff74d15557
0x00007fff5cf3a720:   00007fff5cf3a790 00007fff7c228ce3
0x00007fff5cf3a730:   4000000000000000 4079000000000000
0x00007fff5cf3a740:   4077a00000000000 0000000000000000
0x00007fff5cf3a750:   0000000000000000 4079000000000000
0x00007fff5cf3a760:   4077a00000000000 00007fff5cf3a860
0x00007fff5cf3a770:   00007fe4ded012b8 0000000000000000
0x00007fff5cf3a780:   00007fff74d1e20e 00007fe4dda6ce00
0x00007fff5cf3a790:   00007fff5cf3b860 00007fff7c23c052
0x00007fff5cf3a7a0:   00007fff5cf3b860 00007fff7c23bf28
0x00007fff5cf3a7b0:   00007fe4ded012b8 00007fe4ded012b8 

Instructions: (pc=0x0000000102ebc7a6)
0x0000000102ebc786:   0e 48 8b 0b 49 8b 56 18 48 63 c0 48 89 0c c2 5b
0x0000000102ebc796:   41 5e 5d c3 90 90 55 48 89 e5 41 56 53 48 8b 1f
0x0000000102ebc7a6:   c7 83 70 02 00 00 05 00 00 00 48 8d 05 a1 83 78
0x0000000102ebc7b6:   00 8b 00 83 f8 01 41 89 f6 75 0c 48 8d 0d ee ee 

Register to memory mapping:

RAX=0x0000000000000000 is an unknown value
RBX=0x0000000000000000 is an unknown value
RCX=0x0000000103583500: jni_NativeInterface+0 in /Library/Java/JavaVirtualMachines/jdk1.8.0_144.jdk/Contents/Home/jre/lib/server/libjvm.dylib at 0x0000000102d52000
RDX=0x0000000000000000 is an unknown value
RSP=0x00007fff5cf3a5c0 is an unknown value
RBP=0x00007fff5cf3a5d0 is an unknown value
RSI=0x0000000000000006 is an unknown value
RDI=0x00007fff5cf3a5e0 is an unknown value
R8 =0x0000000000000000 is an unknown value
R9 =0x0000000000000320 is an unknown value
R10=0x000000011ea7aee0: OBJC_CLASS_$_JNFWeakJObjectWrapper+0 in /System/Library/Frameworks/JavaVM.framework/Versions/A/Frameworks/JavaNativeFoundation.framework/Versions/A/JavaNativeFoundation at 0x000000011ea70000
R11=0x00007fe4e150d950 is an unknown value
R12=0x00007fe4de0ce1f8 is an unknown value
R13=0x00007fe4e11f4b80 is an unknown value
R14=0x00007fe4dc4f0658 is a weak global jni handle
R15=0x00007fe4de0ce1f8 is an unknown value


Stack: [0x00007fff5c73f000,0x00007fff5cf3f000],  sp=0x00007fff5cf3a5c0,  free space=8173k
Native frames: (J=compiled Java code, j=interpreted, Vv=VM code, C=native code)
V  [libjvm.dylib+0x16a7a6]
V  [libjvm.dylib+0x314ebe]
C  [JavaNativeFoundation+0x6e3a]  -[JNFWeakJObjectWrapper _getWithEnv:]+0x26
C  [JavaNativeFoundation+0x6c44]  -[JNFJObjectWrapper jObjectWithEnv:]+0x16
C  [libawt_lwawt.dylib+0x1aff3]  -[CGLLayer drawInCGLContext:pixelFormat:forLayerTime:displayTime:]+0xa4
C  [QuartzCore+0x113165]  _ZL17CAOpenGLLayerDrawP13CAOpenGLLayerdPK11CVTimeStampj+0x369
C  [QuartzCore+0x112ce3]  -[CAOpenGLLayer _display]+0x15f
C  [QuartzCore+0x126052]  _ZN2CA5Layer17display_if_neededEPNS_11TransactionE+0x23c
C  [QuartzCore+0x12617d]  _ZN2CA5Layer28layout_and_display_if_neededEPNS_11TransactionE+0x23
C  [QuartzCore+0x11b934]  _ZN2CA7Context18commit_transactionEPNS_11TransactionE+0x118
C  [QuartzCore+0x107e1]  _ZN2CA11Transaction6commitEv+0x1db
C  [QuartzCore+0x111fc]  _ZN2CA11Transaction17observer_callbackEP19__CFRunLoopObservermPv+0x6c
C  [CoreFoundation+0xa6d37]  __CFRUNLOOP_IS_CALLING_OUT_TO_AN_OBSERVER_CALLBACK_FUNCTION__+0x17
C  [CoreFoundation+0xa6ca7]  __CFRunLoopDoObservers+0x187
C  [CoreFoundation+0x8782e]  __CFRunLoopRun+0x4be
C  [CoreFoundation+0x87114]  CFRunLoopRunSpecific+0x1a4
C  [java+0x6465]  CreateExecutionEnvironment+0x367
C  [java+0x218c]  JLI_Launch+0x7a0
C  [java+0x84c2]  main+0x65
C  [java+0x19e4]  start+0x34


---------------  P R O C E S S  ---------------

VM state:not at safepoint (normal execution)

VM Mutex/Monitor currently owned by a thread: None

Heap:
 PSYoungGen      total 76288K, used 63657K [0x000000076ab00000, 0x0000000770000000, 0x00000007c0000000)
  eden space 65536K, 84% used [0x000000076ab00000,0x000000076e137848,0x000000076eb00000)
  from space 10752K, 75% used [0x000000076eb00000,0x000000076f2f2bd8,0x000000076f580000)
  to   space 10752K, 0% used [0x000000076f580000,0x000000076f580000,0x0000000770000000)
 ParOldGen       total 82944K, used 12035K [0x00000006c0000000, 0x00000006c5100000, 0x000000076ab00000)
  object space 82944K, 14% used [0x00000006c0000000,0x00000006c0bc0ec0,0x00000006c5100000)
 Metaspace       used 32768K, capacity 34524K, committed 34688K, reserved 1079296K
  class space    used 4376K, capacity 4713K, committed 4736K, reserved 1048576K

Card table byte_map: [0x00000001049c0000,0x00000001051c1000] byte_map_base: 0x00000001013c0000

Marking Bits: (ParMarkBitMap*) 0x00000001036455d0
 Begin Bits: [0x000000011489f000, 0x000000011889f000)
 End Bits:   [0x000000011889f000, 0x000000011c89f000)

Polling page: 0x0000000103d3c000

CodeCache: size=245760Kb used=16884Kb max_used=16884Kb free=228875Kb
 bounds [0x0000000105349000, 0x00000001063e9000, 0x0000000114349000]
 total_blobs=6191 nmethods=5263 adapters=839
 compilation: enabled

Compilation events (10 events):
Event: 388.357 Thread 0x00007fe4dd076800 nmethod 6195 0x00000001063b5990 code [0x00000001063b5ae0, 0x00000001063b5bf0]
Event: 388.357 Thread 0x00007fe4dd076800 6193       3       javax.swing.JComponent::isDoubleBuffered (6 bytes)
Event: 388.357 Thread 0x00007fe4dd076800 nmethod 6193 0x00000001063b5550 code [0x00000001063b56c0, 0x00000001063b58d0]
Event: 388.357 Thread 0x00007fe4dd076800 6192       3       sun.java2d.opengl.CGLGraphicsConfig::isCapPresent (18 bytes)
Event: 388.357 Thread 0x00007fe4dd076800 nmethod 6192 0x00000001063b50d0 code [0x00000001063b5240, 0x00000001063b5490]
Event: 388.860 Thread 0x00007fe4dd076800 6196       3       java.awt.geom.AffineTransform::calculateType (536 bytes)
Event: 388.862 Thread 0x00007fe4dd076800 nmethod 6196 0x00000001063b3c50 code [0x00000001063b3ee0, 0x00000001063b4ef8]
Event: 388.862 Thread 0x00007fe4dd076800 6198       3       javax.swing.text.View::getContainer (18 bytes)
Event: 388.863 Thread 0x00007fe4dd076800 nmethod 6198 0x00000001063b3710 code [0x00000001063b3880, 0x00000001063b3b88]
Event: 388.863 Thread 0x00007fe4dd076800 6197   !   3       sun.java2d.SunGraphics2D::fillRect (74 bytes)

GC Heap History (8 events):
Event: 2.335 GC heap before
{Heap before GC invocations=1 (full 0):
 PSYoungGen      total 76288K, used 64349K [0x000000076ab00000, 0x0000000770000000, 0x00000007c0000000)
  eden space 65536K, 98% used [0x000000076ab00000,0x000000076e9d7600,0x000000076eb00000)
  from space 10752K, 0% used [0x000000076f580000,0x000000076f580000,0x0000000770000000)
  to   space 10752K, 0% used [0x000000076eb00000,0x000000076eb00000,0x000000076f580000)
 ParOldGen       total 175104K, used 0K [0x00000006c0000000, 0x00000006cab00000, 0x000000076ab00000)
  object space 175104K, 0% used [0x00000006c0000000,0x00000006c0000000,0x00000006cab00000)
 Metaspace       used 17551K, capacity 18826K, committed 19072K, reserved 1064960K
  class space    used 2642K, capacity 2864K, committed 2944K, reserved 1048576K
Event: 2.345 GC heap after
Heap after GC invocations=1 (full 0):
 PSYoungGen      total 76288K, used 6415K [0x000000076ab00000, 0x0000000770000000, 0x00000007c0000000)
  eden space 65536K, 0% used [0x000000076ab00000,0x000000076ab00000,0x000000076eb00000)
  from space 10752K, 59% used [0x000000076eb00000,0x000000076f143f08,0x000000076f580000)
  to   space 10752K, 0% used [0x000000076f580000,0x000000076f580000,0x0000000770000000)
 ParOldGen       total 175104K, used 80K [0x00000006c0000000, 0x00000006cab00000, 0x000000076ab00000)
  object space 175104K, 0% used [0x00000006c0000000,0x00000006c0014010,0x00000006cab00000)
 Metaspace       used 17551K, capacity 18826K, committed 19072K, reserved 1064960K
  class space    used 2642K, capacity 2864K, committed 2944K, reserved 1048576K
}
Event: 13.245 GC heap before
{Heap before GC invocations=2 (full 0):
 PSYoungGen      total 76288K, used 28137K [0x000000076ab00000, 0x0000000770000000, 0x00000007c0000000)
  eden space 65536K, 33% used [0x000000076ab00000,0x000000076c036720,0x000000076eb00000)
  from space 10752K, 59% used [0x000000076eb00000,0x000000076f143f08,0x000000076f580000)
  to   space 10752K, 0% used [0x000000076f580000,0x000000076f580000,0x0000000770000000)
 ParOldGen       total 175104K, used 80K [0x00000006c0000000, 0x00000006cab00000, 0x000000076ab00000)
  object space 175104K, 0% used [0x00000006c0000000,0x00000006c0014010,0x00000006cab00000)
 Metaspace       used 19804K, capacity 21160K, committed 21296K, reserved 1067008K
  class space    used 2839K, capacity 3119K, committed 3200K, reserved 1048576K
Event: 13.260 GC heap after
Heap after GC invocations=2 (full 0):
 PSYoungGen      total 76288K, used 10080K [0x000000076ab00000, 0x0000000770000000, 0x00000007c0000000)
  eden space 65536K, 0% used [0x000000076ab00000,0x000000076ab00000,0x000000076eb00000)
  from space 10752K, 93% used [0x000000076f580000,0x000000076ff580b8,0x0000000770000000)
  to   space 10752K, 0% used [0x000000076eb00000,0x000000076eb00000,0x000000076f580000)
 ParOldGen       total 175104K, used 4024K [0x00000006c0000000, 0x00000006cab00000, 0x000000076ab00000)
  object space 175104K, 2% used [0x00000006c0000000,0x00000006c03ee030,0x00000006cab00000)
 Metaspace       used 19804K, capacity 21160K, committed 21296K, reserved 1067008K
  class space    used 2839K, capacity 3119K, committed 3200K, reserved 1048576K
}
Event: 13.260 GC heap before
{Heap before GC invocations=3 (full 1):
 PSYoungGen      total 76288K, used 10080K [0x000000076ab00000, 0x0000000770000000, 0x00000007c0000000)
  eden space 65536K, 0% used [0x000000076ab00000,0x000000076ab00000,0x000000076eb00000)
  from space 10752K, 93% used [0x000000076f580000,0x000000076ff580b8,0x0000000770000000)
  to   space 10752K, 0% used [0x000000076eb00000,0x000000076eb00000,0x000000076f580000)
 ParOldGen       total 175104K, used 4024K [0x00000006c0000000, 0x00000006cab00000, 0x000000076ab00000)
  object space 175104K, 2% used [0x00000006c0000000,0x00000006c03ee030,0x00000006cab00000)
 Metaspace       used 19804K, capacity 21160K, committed 21296K, reserved 1067008K
  class space    used 2839K, capacity 3119K, committed 3200K, reserved 1048576K
Event: 13.304 GC heap after
Heap after GC invocations=3 (full 1):
 PSYoungGen      total 76288K, used 0K [0x000000076ab00000, 0x0000000770000000, 0x00000007c0000000)
  eden space 65536K, 0% used [0x000000076ab00000,0x000000076ab00000,0x000000076eb00000)
  from space 10752K, 0% used [0x000000076f580000,0x000000076f580000,0x0000000770000000)
  to   space 10752K, 0% used [0x000000076eb00000,0x000000076eb00000,0x000000076f580000)
 ParOldGen       total 82944K, used 12027K [0x00000006c0000000, 0x00000006c5100000, 0x000000076ab00000)
  object space 82944K, 14% used [0x00000006c0000000,0x00000006c0bbeec0,0x00000006c5100000)
 Metaspace       used 19804K, capacity 21160K, committed 21296K, reserved 1067008K
  class space    used 2839K, capacity 3119K, committed 3200K, reserved 1048576K
}
Event: 95.990 GC heap before
{Heap before GC invocations=4 (full 1):
 PSYoungGen      total 76288K, used 65536K [0x000000076ab00000, 0x0000000770000000, 0x00000007c0000000)
  eden space 65536K, 100% used [0x000000076ab00000,0x000000076eb00000,0x000000076eb00000)
  from space 10752K, 0% used [0x000000076f580000,0x000000076f580000,0x0000000770000000)
  to   space 10752K, 0% used [0x000000076eb00000,0x000000076eb00000,0x000000076f580000)
 ParOldGen       total 82944K, used 12027K [0x00000006c0000000, 0x00000006c5100000, 0x000000076ab00000)
  object space 82944K, 14% used [0x00000006c0000000,0x00000006c0bbeec0,0x00000006c5100000)
 Metaspace       used 30730K, capacity 32402K, committed 32512K, reserved 1077248K
  class space    used 4173K, capacity 4518K, committed 4608K, reserved 1048576K
Event: 96.006 GC heap after
Heap after GC invocations=4 (full 1):
 PSYoungGen      total 76288K, used 8138K [0x000000076ab00000, 0x0000000770000000, 0x00000007c0000000)
  eden space 65536K, 0% used [0x000000076ab00000,0x000000076ab00000,0x000000076eb00000)
  from space 10752K, 75% used [0x000000076eb00000,0x000000076f2f2bd8,0x000000076f580000)
  to   space 10752K, 0% used [0x000000076f580000,0x000000076f580000,0x0000000770000000)
 ParOldGen       total 82944K, used 12035K [0x00000006c0000000, 0x00000006c5100000, 0x000000076ab00000)
  object space 82944K, 14% used [0x00000006c0000000,0x00000006c0bc0ec0,0x00000006c5100000)
 Metaspace       used 30730K, capacity 32402K, committed 32512K, reserved 1077248K
  class space    used 4173K, capacity 4518K, committed 4608K, reserved 1048576K
}

Deoptimization events (10 events):
Event: 355.802 Thread 0x00007fe4de0ce000 Uncommon trap: reason=unstable_if action=reinterpret pc=0x0000000105de43ec method=sun.util.logging.PlatformLogger.isLoggable(Lsun/util/logging/PlatformLogger$Level;)Z @ 18
Event: 356.629 Thread 0x00007fe4de0ce000 Uncommon trap: reason=unstable_if action=reinterpret pc=0x0000000106127fd0 method=sun.util.logging.PlatformLogger.isLoggable(Lsun/util/logging/PlatformLogger$Level;)Z @ 18
Event: 356.638 Thread 0x00007fe4de0ce000 Uncommon trap: reason=unstable_if action=reinterpret pc=0x0000000105d30c4c method=sun.util.logging.PlatformLogger.isLoggable(Lsun/util/logging/PlatformLogger$Level;)Z @ 18
Event: 356.669 Thread 0x00007fe4de0ce000 Uncommon trap: reason=unstable_if action=reinterpret pc=0x00000001054da65c method=sun.util.logging.PlatformLogger.isLoggable(Lsun/util/logging/PlatformLogger$Level;)Z @ 18
Event: 359.887 Thread 0x00007fe4de0ce000 Uncommon trap: reason=unstable_if action=reinterpret pc=0x0000000105830ab8 method=sun.util.logging.PlatformLogger.isLoggable(Lsun/util/logging/PlatformLogger$Level;)Z @ 18
Event: 359.888 Thread 0x00007fe4de0ce000 Uncommon trap: reason=unstable_if action=reinterpret pc=0x0000000105e305c4 method=sun.util.logging.PlatformLogger.isLoggable(Lsun/util/logging/PlatformLogger$Level;)Z @ 18
Event: 386.989 Thread 0x00007fe4de0ce000 Uncommon trap: reason=class_check action=maybe_recompile pc=0x0000000106232f94 method=javafx.scene.Parent.impl_pickNodeLocal(Lcom/sun/javafx/geom/PickRay;Lcom/sun/javafx/scene/input/PickResultChooser;)V @ 42
Event: 386.989 Thread 0x00007fe4de0ce000 Uncommon trap: reason=unstable_if action=reinterpret pc=0x0000000105ce66a0 method=java.util.ArrayDeque.addLast(Ljava/lang/Object;)V @ 45
Event: 386.999 Thread 0x00007fe4de0ce000 Uncommon trap: reason=class_check action=maybe_recompile pc=0x0000000106232f94 method=javafx.scene.Parent.impl_pickNodeLocal(Lcom/sun/javafx/geom/PickRay;Lcom/sun/javafx/scene/input/PickResultChooser;)V @ 42
Event: 388.276 Thread 0x00007fe4de0ce000 Uncommon trap: reason=unstable_if action=reinterpret pc=0x0000000105eb9150 method=com.sun.javafx.tk.quantum.QuantumToolkit.runWithoutRenderLock(Ljava/util/function/Supplier;)Ljava/lang/Object; @ 8

Internal exceptions (10 events):
Event: 96.010 Thread 0x00007fe4dd825000 Exception <a 'java/lang/NullPointerException'> (0x000000076ac4baf8) thrown at [/Users/java_re/workspace/8-2-build-macosx-x86_64/jdk8u144/9417/hotspot/src/share/vm/interpreter/linkResolver.cpp, line 1197]
Event: 96.010 Thread 0x00007fe4dd825000 Exception <a 'java/lang/NullPointerException'> (0x000000076ac4bd00) thrown at [/Users/java_re/workspace/8-2-build-macosx-x86_64/jdk8u144/9417/hotspot/src/share/vm/interpreter/linkResolver.cpp, line 1197]
Event: 98.717 Thread 0x00007fe4de0ce000 Implicit null exception at 0x0000000106035265 to 0x0000000106037251
Event: 98.721 Thread 0x00007fe4dd0f1000 Implicit null exception at 0x0000000105fc800a to 0x0000000105fc9c2d
Event: 135.779 Thread 0x00007fe4de0ce000 Exception <a 'java/lang/reflect/InvocationTargetException'> (0x000000076bcd5cd0) thrown at [/Users/java_re/workspace/8-2-build-macosx-x86_64/jdk8u144/9417/hotspot/src/share/vm/runtime/reflection.cpp, line 1092]
Event: 135.779 Thread 0x00007fe4de0ce000 Exception <a 'java/lang/RuntimeException'> (0x000000076bcd64c0) thrown at [/Users/java_re/workspace/8-2-build-macosx-x86_64/jdk8u144/9417/hotspot/src/share/vm/prims/jvm.cpp, line 1394]
Event: 157.218 Thread 0x00007fe4de0ce000 Exception <a 'java/lang/reflect/InvocationTargetException'> (0x000000076c17d688) thrown at [/Users/java_re/workspace/8-2-build-macosx-x86_64/jdk8u144/9417/hotspot/src/share/vm/runtime/reflection.cpp, line 1092]
Event: 157.218 Thread 0x00007fe4de0ce000 Exception <a 'java/lang/RuntimeException'> (0x000000076c17de78) thrown at [/Users/java_re/workspace/8-2-build-macosx-x86_64/jdk8u144/9417/hotspot/src/share/vm/prims/jvm.cpp, line 1394]
Event: 210.495 Thread 0x00007fe4de0ce000 Implicit null exception at 0x00000001054c82f5 to 0x00000001054c8483
Event: 355.742 Thread 0x00007fe4de0ce000 Exception <a 'java/lang/NoClassDefFoundError': org/apache/log4j/Category> (0x000000076d210b28) thrown at [/Users/java_re/workspace/8-2-build-macosx-x86_64/jdk8u144/9417/hotspot/src/share/vm/classfile/systemDictionary.cpp, line 199]

Events (10 events):
Event: 388.351 loading class javafx/application/Application done
Event: 388.376 loading class com/sun/javafx/tk/quantum/QuantumRenderer
Event: 388.376 loading class com/sun/javafx/tk/quantum/QuantumRenderer done
Event: 388.376 loading class com/sun/javafx/tk/quantum/QuantumToolkit
Event: 388.376 loading class com/sun/javafx/tk/quantum/QuantumToolkit done
Event: 388.376 Thread 0x00007fe4dd0f1000 Thread exited: 0x00007fe4dd0f1000
Event: 388.376 Thread 0x00007fe4dda7f000 Thread exited: 0x00007fe4dda7f000
Event: 388.376 Thread 0x00007fe4dd803000 Thread exited: 0x00007fe4dd803000
Event: 388.376 Thread 0x00007fe4e29a9000 Thread added: 0x00007fe4e29a9000
Event: 388.376 Thread 0x00007fe4de0ce000 Thread exited: 0x00007fe4de0ce000


Dynamic libraries:
0x00000000011fa000 	/System/Library/Frameworks/Cocoa.framework/Versions/A/Cocoa
0x00000000011fa000 	/System/Library/Frameworks/Security.framework/Versions/A/Security
0x00000000011fa000 	/System/Library/Frameworks/ApplicationServices.framework/Versions/A/ApplicationServices
0x00000000011fa000 	/usr/lib/libz.1.dylib
0x00000000011fa000 	/usr/lib/libSystem.B.dylib
0x00000000011fa000 	/usr/lib/libobjc.A.dylib
0x00000000011fa000 	/System/Library/Frameworks/CoreFoundation.framework/Versions/A/CoreFoundation
0x00000000011fa000 	/System/Library/Frameworks/Foundation.framework/Versions/C/Foundation
0x00000000011fa000 	/System/Library/Frameworks/AppKit.framework/Versions/C/AppKit
0x00000000011fa000 	/System/Library/Frameworks/CoreData.framework/Versions/A/CoreData
0x00000000011fa000 	/System/Library/PrivateFrameworks/RemoteViewServices.framework/Versions/A/RemoteViewServices
0x00000000011fa000 	/System/Library/PrivateFrameworks/UIFoundation.framework/Versions/A/UIFoundation
0x00000000011fa000 	/System/Library/PrivateFrameworks/DFRFoundation.framework/Versions/A/DFRFoundation
0x00000000011fa000 	/usr/lib/libenergytrace.dylib
0x00000000011fa000 	/System/Library/PrivateFrameworks/SkyLight.framework/Versions/A/SkyLight
0x00000000011fa000 	/System/Library/Frameworks/CoreGraphics.framework/Versions/A/CoreGraphics
0x00000000011fa000 	/usr/lib/libScreenReader.dylib
0x00000000011fa000 	/System/Library/Frameworks/Accelerate.framework/Versions/A/Accelerate
0x00000000011fa000 	/System/Library/Frameworks/IOSurface.framework/Versions/A/IOSurface
0x00000000011fa000 	/System/Library/Frameworks/AudioToolbox.framework/Versions/A/AudioToolbox
0x00000000011fa000 	/System/Library/Frameworks/AudioUnit.framework/Versions/A/AudioUnit
0x00000000011fa000 	/System/Library/PrivateFrameworks/DataDetectorsCore.framework/Versions/A/DataDetectorsCore
0x00000000011fa000 	/System/Library/PrivateFrameworks/DesktopServicesPriv.framework/Versions/A/DesktopServicesPriv
0x00000000011fa000 	/System/Library/Frameworks/Carbon.framework/Versions/A/Frameworks/HIToolbox.framework/Versions/A/HIToolbox
0x00000000011fa000 	/usr/lib/libicucore.A.dylib
0x00000000011fa000 	/System/Library/Frameworks/QuartzCore.framework/Versions/A/QuartzCore
0x00000000011fa000 	/System/Library/Frameworks/Carbon.framework/Versions/A/Frameworks/SpeechRecognition.framework/Versions/A/SpeechRecognition
0x00000000011fa000 	/usr/lib/libauto.dylib
0x00000000011fa000 	/usr/lib/libxml2.2.dylib
0x00000000011fa000 	/System/Library/PrivateFrameworks/CoreUI.framework/Versions/A/CoreUI
0x00000000011fa000 	/System/Library/Frameworks/CoreAudio.framework/Versions/A/CoreAudio
0x00000000011fa000 	/System/Library/Frameworks/DiskArbitration.framework/Versions/A/DiskArbitration
0x00000000011fa000 	/usr/lib/liblangid.dylib
0x00000000011fa000 	/System/Library/PrivateFrameworks/MultitouchSupport.framework/Versions/A/MultitouchSupport
0x00000000011fa000 	/System/Library/Frameworks/IOKit.framework/Versions/A/IOKit
0x00000000011fa000 	/usr/lib/libDiagnosticMessagesClient.dylib
0x00000000011fa000 	/System/Library/Frameworks/CoreServices.framework/Versions/A/CoreServices
0x00000000011fa000 	/System/Library/PrivateFrameworks/PerformanceAnalysis.framework/Versions/A/PerformanceAnalysis
0x00000000011fa000 	/System/Library/PrivateFrameworks/GenerationalStorage.framework/Versions/A/GenerationalStorage
0x00000000011fa000 	/System/Library/Frameworks/OpenGL.framework/Versions/A/OpenGL
0x00000000011fa000 	/System/Library/Frameworks/CoreImage.framework/Versions/A/CoreImage
0x00000000011fa000 	/System/Library/Frameworks/CoreText.framework/Versions/A/CoreText
0x00000000011fa000 	/System/Library/Frameworks/ImageIO.framework/Versions/A/ImageIO
0x00000000011fa000 	/System/Library/PrivateFrameworks/Backup.framework/Versions/A/Backup
0x00000000011fa000 	/usr/lib/libarchive.2.dylib
0x00000000011fa000 	/System/Library/Frameworks/CFNetwork.framework/Versions/A/CFNetwork
0x00000000011fa000 	/System/Library/Frameworks/SystemConfiguration.framework/Versions/A/SystemConfiguration
0x00000000011fa000 	/usr/lib/libCRFSuite.dylib
0x00000000011fa000 	/usr/lib/libc++.1.dylib
0x00000000011fa000 	/usr/lib/libc++abi.dylib
0x00000000011fa000 	/usr/lib/system/libcache.dylib
0x00000000011fa000 	/usr/lib/system/libcommonCrypto.dylib
0x00000000011fa000 	/usr/lib/system/libcompiler_rt.dylib
0x00000000011fa000 	/usr/lib/system/libcopyfile.dylib
0x00000000011fa000 	/usr/lib/system/libcorecrypto.dylib
0x00000000011fa000 	/usr/lib/system/libdispatch.dylib
0x00000000011fa000 	/usr/lib/system/libdyld.dylib
0x00000000011fa000 	/usr/lib/system/libkeymgr.dylib
0x00000000011fa000 	/usr/lib/system/liblaunch.dylib
0x00000000011fa000 	/usr/lib/system/libmacho.dylib
0x00000000011fa000 	/usr/lib/system/libquarantine.dylib
0x00000000011fa000 	/usr/lib/system/libremovefile.dylib
0x00000000011fa000 	/usr/lib/system/libsystem_asl.dylib
0x00000000011fa000 	/usr/lib/system/libsystem_blocks.dylib
0x00000000011fa000 	/usr/lib/system/libsystem_c.dylib
0x00000000011fa000 	/usr/lib/system/libsystem_configuration.dylib
0x00000000011fa000 	/usr/lib/system/libsystem_coreservices.dylib
0x00000000011fa000 	/usr/lib/system/libsystem_coretls.dylib
0x00000000011fa000 	/usr/lib/system/libsystem_dnssd.dylib
0x00000000011fa000 	/usr/lib/system/libsystem_info.dylib
0x00000000011fa000 	/usr/lib/system/libsystem_kernel.dylib
0x00000000011fa000 	/usr/lib/system/libsystem_m.dylib
0x00000000011fa000 	/usr/lib/system/libsystem_malloc.dylib
0x00000000011fa000 	/usr/lib/system/libsystem_network.dylib
0x00000000011fa000 	/usr/lib/system/libsystem_networkextension.dylib
0x00000000011fa000 	/usr/lib/system/libsystem_notify.dylib
0x00000000011fa000 	/usr/lib/system/libsystem_platform.dylib
0x00000000011fa000 	/usr/lib/system/libsystem_pthread.dylib
0x00000000011fa000 	/usr/lib/system/libsystem_sandbox.dylib
0x00000000011fa000 	/usr/lib/system/libsystem_secinit.dylib
0x00000000011fa000 	/usr/lib/system/libsystem_symptoms.dylib
0x00000000011fa000 	/usr/lib/system/libsystem_trace.dylib
0x00000000011fa000 	/usr/lib/system/libunwind.dylib
0x00000000011fa000 	/usr/lib/system/libxpc.dylib
0x00000000011fa000 	/usr/lib/libbsm.0.dylib
0x00000000011fa000 	/usr/lib/system/libkxld.dylib
0x00000000011fa000 	/usr/lib/libcoretls.dylib
0x00000000011fa000 	/usr/lib/libcoretls_cfhelpers.dylib
0x00000000011fa000 	/usr/lib/libOpenScriptingUtil.dylib
0x00000000011fa000 	/usr/lib/libpam.2.dylib
0x00000000011fa000 	/usr/lib/libsqlite3.dylib
0x00000000011fa000 	/usr/lib/libxar.1.dylib
0x00000000011fa000 	/usr/lib/libbz2.1.0.dylib
0x00000000011fa000 	/usr/lib/liblzma.5.dylib
0x00000000011fa000 	/usr/lib/libnetwork.dylib
0x00000000011fa000 	/usr/lib/libpcap.A.dylib
0x00000000011fa000 	/System/Library/Frameworks/CoreServices.framework/Versions/A/Frameworks/FSEvents.framework/Versions/A/FSEvents
0x00000000011fa000 	/System/Library/Frameworks/CoreServices.framework/Versions/A/Frameworks/CarbonCore.framework/Versions/A/CarbonCore
0x00000000011fa000 	/System/Library/Frameworks/CoreServices.framework/Versions/A/Frameworks/Metadata.framework/Versions/A/Metadata
0x00000000011fa000 	/System/Library/Frameworks/CoreServices.framework/Versions/A/Frameworks/OSServices.framework/Versions/A/OSServices
0x00000000011fa000 	/System/Library/Frameworks/CoreServices.framework/Versions/A/Frameworks/SearchKit.framework/Versions/A/SearchKit
0x00000000011fa000 	/System/Library/Frameworks/CoreServices.framework/Versions/A/Frameworks/AE.framework/Versions/A/AE
0x00000000011fa000 	/System/Library/Frameworks/CoreServices.framework/Versions/A/Frameworks/LaunchServices.framework/Versions/A/LaunchServices
0x00000000011fa000 	/System/Library/Frameworks/CoreServices.framework/Versions/A/Frameworks/DictionaryServices.framework/Versions/A/DictionaryServices
0x00000000011fa000 	/System/Library/Frameworks/CoreServices.framework/Versions/A/Frameworks/SharedFileList.framework/Versions/A/SharedFileList
0x00000000011fa000 	/System/Library/Frameworks/NetFS.framework/Versions/A/NetFS
0x00000000011fa000 	/System/Library/PrivateFrameworks/NetAuth.framework/Versions/A/NetAuth
0x00000000011fa000 	/System/Library/PrivateFrameworks/login.framework/Versions/A/Frameworks/loginsupport.framework/Versions/A/loginsupport
0x00000000011fa000 	/System/Library/PrivateFrameworks/TCC.framework/Versions/A/TCC
0x00000000011fa000 	/usr/lib/libmecabra.dylib
0x00000000011fa000 	/System/Library/Frameworks/ApplicationServices.framework/Versions/A/Frameworks/ATS.framework/Versions/A/ATS
0x00000000011fa000 	/System/Library/Frameworks/ApplicationServices.framework/Versions/A/Frameworks/ColorSync.framework/Versions/A/ColorSync
0x00000000011fa000 	/System/Library/Frameworks/ApplicationServices.framework/Versions/A/Frameworks/HIServices.framework/Versions/A/HIServices
0x00000000011fa000 	/System/Library/Frameworks/ApplicationServices.framework/Versions/A/Frameworks/LangAnalysis.framework/Versions/A/LangAnalysis
0x00000000011fa000 	/System/Library/Frameworks/ApplicationServices.framework/Versions/A/Frameworks/PrintCore.framework/Versions/A/PrintCore
0x00000000011fa000 	/System/Library/Frameworks/ApplicationServices.framework/Versions/A/Frameworks/QD.framework/Versions/A/QD
0x00000000011fa000 	/System/Library/Frameworks/ApplicationServices.framework/Versions/A/Frameworks/SpeechSynthesis.framework/Versions/A/SpeechSynthesis
0x00000000011fa000 	/System/Library/Frameworks/Accelerate.framework/Versions/A/Frameworks/vImage.framework/Versions/A/vImage
0x00000000011fa000 	/System/Library/Frameworks/Accelerate.framework/Versions/A/Frameworks/vecLib.framework/Versions/A/vecLib
0x00000000011fa000 	/System/Library/Frameworks/Accelerate.framework/Versions/A/Frameworks/vecLib.framework/Versions/A/libvDSP.dylib
0x00000000011fa000 	/System/Library/Frameworks/Accelerate.framework/Versions/A/Frameworks/vecLib.framework/Versions/A/libBNNS.dylib
0x00000000011fa000 	/System/Library/Frameworks/Accelerate.framework/Versions/A/Frameworks/vecLib.framework/Versions/A/libQuadrature.dylib
0x00000000011fa000 	/System/Library/Frameworks/Accelerate.framework/Versions/A/Frameworks/vecLib.framework/Versions/A/libvMisc.dylib
0x00000000011fa000 	/System/Library/Frameworks/Accelerate.framework/Versions/A/Frameworks/vecLib.framework/Versions/A/libLAPACK.dylib
0x00000000011fa000 	/System/Library/Frameworks/Accelerate.framework/Versions/A/Frameworks/vecLib.framework/Versions/A/libBLAS.dylib
0x00000000011fa000 	/System/Library/Frameworks/Accelerate.framework/Versions/A/Frameworks/vecLib.framework/Versions/A/libLinearAlgebra.dylib
0x00000000011fa000 	/System/Library/Frameworks/Accelerate.framework/Versions/A/Frameworks/vecLib.framework/Versions/A/libSparseBLAS.dylib
0x00000000011fa000 	/System/Library/Frameworks/ApplicationServices.framework/Versions/A/Frameworks/ATS.framework/Versions/A/Resources/libFontParser.dylib
0x00000000011fa000 	/System/Library/Frameworks/ApplicationServices.framework/Versions/A/Frameworks/ATS.framework/Versions/A/Resources/libFontRegistry.dylib
0x00000000011fa000 	/System/Library/Frameworks/ImageIO.framework/Versions/A/Resources/libJPEG.dylib
0x00000000011fa000 	/System/Library/Frameworks/ImageIO.framework/Versions/A/Resources/libTIFF.dylib
0x00000000011fa000 	/System/Library/Frameworks/ImageIO.framework/Versions/A/Resources/libPng.dylib
0x00000000011fa000 	/System/Library/Frameworks/ImageIO.framework/Versions/A/Resources/libGIF.dylib
0x00000000011fa000 	/System/Library/Frameworks/ImageIO.framework/Versions/A/Resources/libJP2.dylib
0x00000000011fa000 	/System/Library/Frameworks/ImageIO.framework/Versions/A/Resources/libRadiance.dylib
0x00000000011fa000 	/usr/lib/libcompression.dylib
0x00000000011fa000 	/System/Library/PrivateFrameworks/AppleJPEG.framework/Versions/A/AppleJPEG
0x00000000011fa000 	/usr/lib/libcups.2.dylib
0x00000000011fa000 	/System/Library/Frameworks/Kerberos.framework/Versions/A/Kerberos
0x00000000011fa000 	/System/Library/Frameworks/GSS.framework/Versions/A/GSS
0x00000000011fa000 	/usr/lib/libresolv.9.dylib
0x00000000011fa000 	/usr/lib/libiconv.2.dylib
0x00000000011fa000 	/System/Library/PrivateFrameworks/Heimdal.framework/Versions/A/Heimdal
0x00000000011fa000 	/usr/lib/libheimdal-asn1.dylib
0x00000000011fa000 	/System/Library/Frameworks/OpenDirectory.framework/Versions/A/OpenDirectory
0x00000000011fa000 	/System/Library/PrivateFrameworks/CommonAuth.framework/Versions/A/CommonAuth
0x00000000011fa000 	/System/Library/Frameworks/OpenDirectory.framework/Versions/A/Frameworks/CFOpenDirectory.framework/Versions/A/CFOpenDirectory
0x00000000011fa000 	/System/Library/Frameworks/SecurityFoundation.framework/Versions/A/SecurityFoundation
0x00000000011fa000 	/System/Library/PrivateFrameworks/LanguageModeling.framework/Versions/A/LanguageModeling
0x00000000011fa000 	/usr/lib/libmarisa.dylib
0x00000000011fa000 	/usr/lib/libChineseTokenizer.dylib
0x00000000011fa000 	/usr/lib/libcmph.dylib
0x00000000011fa000 	/System/Library/PrivateFrameworks/CoreEmoji.framework/Versions/A/CoreEmoji
0x00000000011fa000 	/System/Library/Frameworks/ServiceManagement.framework/Versions/A/ServiceManagement
0x00000000011fa000 	/usr/lib/libxslt.1.dylib
0x00000000011fa000 	/System/Library/Frameworks/Carbon.framework/Versions/A/Frameworks/Ink.framework/Versions/A/Ink
0x00000000011fa000 	/System/Library/PrivateFrameworks/TextureIO.framework/Versions/A/TextureIO
0x00000000011fa000 	/System/Library/Frameworks/Metal.framework/Versions/A/Metal
0x00000000011fa000 	/usr/lib/libate.dylib
0x00000000011fa000 	/System/Library/PrivateFrameworks/GPUCompiler.framework/libmetal_timestamp.dylib
0x00000000011fa000 	/System/Library/Frameworks/OpenGL.framework/Versions/A/Libraries/libCoreFSCache.dylib
0x00000000011fa000 	/System/Library/PrivateFrameworks/IOAccelerator.framework/Versions/A/IOAccelerator
0x00000000011fa000 	/System/Library/Frameworks/CoreVideo.framework/Versions/A/CoreVideo
0x00000000011fa000 	/usr/lib/libFosl_dynamic.dylib
0x00000000011fa000 	/System/Library/PrivateFrameworks/MetalPerformanceShaders.framework/Versions/A/MetalPerformanceShaders
0x00000000011fa000 	/System/Library/PrivateFrameworks/FaceCore.framework/Versions/A/FaceCore
0x00000000011fa000 	/System/Library/Frameworks/OpenCL.framework/Versions/A/OpenCL
0x00000000011fa000 	/System/Library/Frameworks/OpenGL.framework/Versions/A/Libraries/libGLU.dylib
0x00000000011fa000 	/System/Library/Frameworks/OpenGL.framework/Versions/A/Libraries/libGFXShared.dylib
0x00000000011fa000 	/System/Library/Frameworks/OpenGL.framework/Versions/A/Libraries/libGL.dylib
0x00000000011fa000 	/System/Library/Frameworks/OpenGL.framework/Versions/A/Libraries/libGLImage.dylib
0x00000000011fa000 	/System/Library/Frameworks/OpenGL.framework/Versions/A/Libraries/libCVMSPluginSupport.dylib
0x00000000011fa000 	/System/Library/Frameworks/OpenGL.framework/Versions/A/Libraries/libCoreVMClient.dylib
0x00000000011fa000 	/System/Library/PrivateFrameworks/CrashReporterSupport.framework/Versions/A/CrashReporterSupport
0x00000000011fa000 	/System/Library/PrivateFrameworks/Sharing.framework/Versions/A/Sharing
0x00000000011fa000 	/System/Library/PrivateFrameworks/IconServices.framework/Versions/A/IconServices
0x00000000011fa000 	/System/Library/PrivateFrameworks/ProtocolBuffer.framework/Versions/A/ProtocolBuffer
0x00000000011fa000 	/System/Library/PrivateFrameworks/Apple80211.framework/Versions/A/Apple80211
0x00000000011fa000 	/System/Library/Frameworks/CoreWLAN.framework/Versions/A/CoreWLAN
0x00000000011fa000 	/System/Library/PrivateFrameworks/CoreUtils.framework/Versions/A/CoreUtils
0x00000000011fa000 	/System/Library/Frameworks/IOBluetooth.framework/Versions/A/IOBluetooth
0x00000000011fa000 	/System/Library/PrivateFrameworks/CoreWiFi.framework/Versions/A/CoreWiFi
0x00000000011fa000 	/System/Library/Frameworks/CoreBluetooth.framework/Versions/A/CoreBluetooth
0x00000000011fa000 	/System/Library/Frameworks/CoreDisplay.framework/Versions/A/CoreDisplay
0x00000000011fa000 	/System/Library/PrivateFrameworks/IOPresentment.framework/Versions/A/IOPresentment
0x00000000011fa000 	/System/Library/PrivateFrameworks/DSExternalDisplay.framework/Versions/A/DSExternalDisplay
0x00000000011fa000 	/System/Library/PrivateFrameworks/DebugSymbols.framework/Versions/A/DebugSymbols
0x00000000011fa000 	/System/Library/PrivateFrameworks/CoreSymbolication.framework/Versions/A/CoreSymbolication
0x00000000011fa000 	/System/Library/PrivateFrameworks/Symbolication.framework/Versions/A/Symbolication
0x00000000011fa000 	/System/Library/PrivateFrameworks/AppleFSCompression.framework/Versions/A/AppleFSCompression
0x00000000011fa000 	/System/Library/PrivateFrameworks/SpeechRecognitionCore.framework/Versions/A/SpeechRecognitionCore
0x00000000011fa000 	/System/Library/PrivateFrameworks/ChunkingLibrary.framework/Versions/A/ChunkingLibrary
0x0000000102d0e000 	/System/Library/CoreServices/Encodings/libSimplifiedChineseConverter.dylib
0x0000000102d52000 	/Library/Java/JavaVirtualMachines/jdk1.8.0_144.jdk/Contents/Home/jre/lib/server/libjvm.dylib
0x00000000011fa000 	/usr/lib/libstdc++.6.dylib
0x0000000103cf9000 	/Library/Java/JavaVirtualMachines/jdk1.8.0_144.jdk/Contents/Home/jre/lib/libverify.dylib
0x0000000103d07000 	/Library/Java/JavaVirtualMachines/jdk1.8.0_144.jdk/Contents/Home/jre/lib/libjava.dylib
0x0000000103d3d000 	/Library/Java/JavaVirtualMachines/jdk1.8.0_144.jdk/Contents/Home/jre/lib/libinstrument.dylib
0x0000000103d9b000 	/Library/Java/JavaVirtualMachines/jdk1.8.0_144.jdk/Contents/Home/jre/lib/libzip.dylib
0x000000011ea56000 	/System/Library/Frameworks/JavaVM.framework/Frameworks/JavaRuntimeSupport.framework/JavaRuntimeSupport
0x000000011ea70000 	/System/Library/Frameworks/JavaVM.framework/Versions/A/Frameworks/JavaNativeFoundation.framework/Versions/A/JavaNativeFoundation
0x000000011ea85000 	/System/Library/Frameworks/JavaVM.framework/Versions/A/JavaVM
0x00000000011fa000 	/System/Library/Frameworks/Carbon.framework/Versions/A/Carbon
0x0000000103df4000 	/System/Library/PrivateFrameworks/JavaLaunching.framework/Versions/A/JavaLaunching
0x00000000011fa000 	/System/Library/Frameworks/Carbon.framework/Versions/A/Frameworks/CommonPanels.framework/Versions/A/CommonPanels
0x00000000011fa000 	/System/Library/Frameworks/Carbon.framework/Versions/A/Frameworks/Help.framework/Versions/A/Help
0x00000000011fa000 	/System/Library/Frameworks/Carbon.framework/Versions/A/Frameworks/ImageCapture.framework/Versions/A/ImageCapture
0x00000000011fa000 	/System/Library/Frameworks/Carbon.framework/Versions/A/Frameworks/OpenScripting.framework/Versions/A/OpenScripting
0x00000000011fa000 	/System/Library/Frameworks/Carbon.framework/Versions/A/Frameworks/Print.framework/Versions/A/Print
0x00000000011fa000 	/System/Library/Frameworks/Carbon.framework/Versions/A/Frameworks/SecurityHI.framework/Versions/A/SecurityHI
0x00000001204da000 	/Library/Java/JavaVirtualMachines/jdk1.8.0_144.jdk/Contents/Home/jre/lib/libnet.dylib
0x00000001205cf000 	/Library/Java/JavaVirtualMachines/jdk1.8.0_144.jdk/Contents/Home/jre/lib/libprism_es2.dylib
0x0000000120635000 	/System/Library/Frameworks/OpenGL.framework/Resources/GLEngine.bundle/GLEngine
0x00000000011fa000 	/System/Library/Frameworks/OpenGL.framework/Versions/A/Libraries/libGLProgrammability.dylib
0x000000012081a000 	/System/Library/Extensions/AppleIntelKBLGraphicsGLDriver.bundle/Contents/MacOS/AppleIntelKBLGraphicsGLDriver
0x00000000011fa000 	/System/Library/PrivateFrameworks/GPUSupport.framework/Versions/A/Libraries/libGPUSupportMercury.dylib
0x00000001215a1000 	/System/Library/Frameworks/OpenGL.framework/Resources//GLRendererFloat.bundle/GLRendererFloat
0x00000000011fa000 	/System/Library/Frameworks/OpenCL.framework/Versions/A/Libraries/libcldcpuengine.dylib
0x00000000011fa000 	/usr/lib/libcrypto.0.9.8.dylib
0x00000000011fa000 	/System/Library/PrivateFrameworks/TrustEvaluationAgent.framework/Versions/A/TrustEvaluationAgent
0x00000001219c4000 	/Library/Java/JavaVirtualMachines/jdk1.8.0_144.jdk/Contents/Home/jre/lib/libglass.dylib
0x00000000011fa000 	/System/Library/PrivateFrameworks/CoreServicesInternal.framework/Versions/A/CoreServicesInternal
0x00000000011fa000 	/System/Library/CoreServices/RawCamera.bundle/Contents/MacOS/RawCamera
0x00000000011fa000 	/System/Library/Frameworks/Accelerate.framework/Versions/A/Frameworks/vImage.framework/Versions/A/Libraries/libCGInterfaces.dylib
0x00000000011fa000 	/System/Library/PrivateFrameworks/FamilyControls.framework/Versions/A/FamilyControls
0x00000000011fa000 	/System/Library/PrivateFrameworks/CommerceKit.framework/Versions/A/Frameworks/CommerceCore.framework/Versions/A/CommerceCore
0x00000000011fa000 	/System/Library/PrivateFrameworks/SystemAdministration.framework/Versions/A/SystemAdministration
0x00000000011fa000 	/System/Library/PrivateFrameworks/AppContainer.framework/Versions/A/AppContainer
0x00000000011fa000 	/System/Library/PrivateFrameworks/SecCodeWrapper.framework/Versions/A/SecCodeWrapper
0x00000000011fa000 	/System/Library/Frameworks/DirectoryService.framework/Versions/A/DirectoryService
0x00000000011fa000 	/System/Library/PrivateFrameworks/DiskImages.framework/Versions/A/DiskImages
0x00000000011fa000 	/System/Library/PrivateFrameworks/LoginUIKit.framework/Versions/A/Frameworks/LoginUICore.framework/Versions/A/LoginUICore
0x00000000011fa000 	/usr/lib/libCoreStorage.dylib
0x00000000011fa000 	/usr/lib/libcsfde.dylib
0x00000000011fa000 	/usr/lib/libodfde.dylib
0x00000000011fa000 	/System/Library/Frameworks/DiscRecording.framework/Versions/A/DiscRecording
0x00000000011fa000 	/usr/lib/libcurl.4.dylib
0x00000000011fa000 	/System/Library/PrivateFrameworks/MediaKit.framework/Versions/A/MediaKit
0x00000000011fa000 	/System/Library/PrivateFrameworks/ProtectedCloudStorage.framework/Versions/A/ProtectedCloudStorage
0x00000000011fa000 	/System/Library/PrivateFrameworks/EFILogin.framework/Versions/A/EFILogin
0x00000000011fa000 	/usr/lib/libutil.dylib
0x00000000011fa000 	/System/Library/Frameworks/LDAP.framework/Versions/A/LDAP
0x00000000011fa000 	/usr/lib/libsasl2.2.dylib
0x00000000011fa000 	/System/Library/PrivateFrameworks/CoreDaemon.framework/Versions/B/CoreDaemon
0x00000000011fa000 	/System/Library/PrivateFrameworks/AppleSRP.framework/Versions/A/AppleSRP
0x00000000011fa000 	/System/Library/PrivateFrameworks/APFS.framework/Versions/A/APFS
0x0000000124b9b000 	/Library/Java/JavaVirtualMachines/jdk1.8.0_144.jdk/Contents/Home/jre/lib/libjavafx_font.dylib
0x00000000011fa000 	/System/Library/Frameworks/ApplicationServices.framework/Versions/A/Frameworks/ATS.framework/Versions/A/Resources/libTrueTypeScaler.dylib
0x00000001265c8000 	/System/Library/Extensions/AppleIntelKBLGraphicsMTLDriver.bundle/Contents/MacOS/AppleIntelKBLGraphicsMTLDriver
0x00000000011fa000 	/System/Library/PrivateFrameworks/ViewBridge.framework/Versions/A/ViewBridge
0x00000000011fa000 	/System/Library/PrivateFrameworks/XPCService.framework/Versions/A/XPCService
0x00000000011fa000 	/System/Library/PrivateFrameworks/AppSandbox.framework/Versions/A/AppSandbox
0x00000000011fa000 	/usr/lib/libsandbox.1.dylib
0x00000000011fa000 	/usr/lib/libMatch.1.dylib
0x00000001265b4000 	/Library/Java/JavaVirtualMachines/jdk1.8.0_144.jdk/Contents/Home/jre/lib/libprism_common.dylib
0x00000001267a0000 	/Library/Java/JavaVirtualMachines/jdk1.8.0_144.jdk/Contents/Home/jre/lib/libawt.dylib
0x0000000126ad5000 	/Library/Java/JavaVirtualMachines/jdk1.8.0_144.jdk/Contents/Home/jre/lib/./libmlib_image.dylib
0x000000012f61e000 	/Library/Java/JavaVirtualMachines/jdk1.8.0_144.jdk/Contents/Home/jre/lib/libawt_lwawt.dylib
0x0000000121b96000 	/Library/Java/JavaVirtualMachines/jdk1.8.0_144.jdk/Contents/Home/jre/lib/./libosxapp.dylib
0x00000000011fa000 	/System/Library/Frameworks/ExceptionHandling.framework/Versions/A/ExceptionHandling
0x000000012fdd5000 	/Library/Java/JavaVirtualMachines/jdk1.8.0_144.jdk/Contents/Home/jre/lib/libfontmanager.dylib
0x0000000124975000 	/Library/Java/JavaVirtualMachines/jdk1.8.0_144.jdk/Contents/Home/jre/lib/libosxui.dylib
0x0000000126aa4000 	/Library/Java/JavaVirtualMachines/jdk1.8.0_144.jdk/Contents/Home/jre/lib/libnio.dylib

VM Arguments:
jvm_args: -javaagent:/Applications/IntelliJ IDEA.app/Contents/lib/idea_rt.jar=60218:/Applications/IntelliJ IDEA.app/Contents/bin -Dfile.encoding=GBK 
java_command: javaDemo.MainApp
java_class_path (initial): /Library/Java/JavaVirtualMachines/jdk1.8.0_144.jdk/Contents/Home/jre/lib/charsets.jar:/Library/Java/JavaVirtualMachines/jdk1.8.0_144.jdk/Contents/Home/jre/lib/deploy.jar:/Library/Java/JavaVirtualMachines/jdk1.8.0_144.jdk/Contents/Home/jre/lib/ext/cldrdata.jar:/Library/Java/JavaVirtualMachines/jdk1.8.0_144.jdk/Contents/Home/jre/lib/ext/dnsns.jar:/Library/Java/JavaVirtualMachines/jdk1.8.0_144.jdk/Contents/Home/jre/lib/ext/jaccess.jar:/Library/Java/JavaVirtualMachines/jdk1.8.0_144.jdk/Contents/Home/jre/lib/ext/jfxrt.jar:/Library/Java/JavaVirtualMachines/jdk1.8.0_144.jdk/Contents/Home/jre/lib/ext/localedata.jar:/Library/Java/JavaVirtualMachines/jdk1.8.0_144.jdk/Contents/Home/jre/lib/ext/nashorn.jar:/Library/Java/JavaVirtualMachines/jdk1.8.0_144.jdk/Contents/Home/jre/lib/ext/sunec.jar:/Library/Java/JavaVirtualMachines/jdk1.8.0_144.jdk/Contents/Home/jre/lib/ext/sunjce_provider.jar:/Library/Java/JavaVirtualMachines/jdk1.8.0_144.jdk/Contents/Home/jre/lib/ext/sunpkcs11.jar:/Library/Java/JavaVirtualMachines/jdk1.8.0_144.jdk/Contents/Home/jre/lib/ext/zipfs.jar:/Library/Java/JavaVirtualMachines/jdk1.8.0_144.jdk/Contents/Home/jre/lib/javaws.jar:/Library/Java/JavaVirtualMachines/jdk1.8.0_144.jdk/Contents/Home/jre/lib/jce.jar:/Library/Java/JavaVirtualMachines/jdk1.8.0_144.jdk/Contents/Home/jre/lib/jfr.jar:/Library/Java/JavaVirtualMachines/jdk1.8.0_144.jdk/Contents/Home/jre/lib/jfxswt.jar:/Library/Java/JavaVirtualMachines/jdk1.8.0_144.jdk/Contents/Home/jre/lib/jsse.jar:/Library/Java/JavaVirtualMachines/jdk1.8.0_144.jdk/Contents/Home/jre/lib/management-agent.jar:/Library/Java/JavaVirtualMachines/jdk1.8.0_144.jdk/Contents/Home/jre/lib/plugin.jar:/Library/Java/JavaVirtualMachines/jdk1.8.0_144.jdk/Contents/Home/jre/lib/resources.jar:/Library/Java/JavaVirtualMachines/jdk1.8.0_144.jdk/Contents/Home/jre/lib/rt.jar:/Library/Java/JavaVirtualMachines/jdk1.8.0_144.jdk/Contents/Home/lib/ant-javafx.jar:/Library/Java/JavaVirtualMachines/jdk1.8.0_144.jdk/Contents/Home
Launcher Type: SUN_STANDARD

Environment Variables:
PATH=/usr/local/bin:/usr/bin:/bin:/usr/sbin:/sbin:/usr/local/mysql/bin
SHELL=/bin/bash

Signal Handlers:
SIGSEGV: [libjvm.dylib+0x5b26e5], sa_mask[0]=11111111011111110111111111111111, sa_flags=SA_ONSTACK|SA_RESTART|SA_SIGINFO
SIGBUS: [libjvm.dylib+0x5b26e5], sa_mask[0]=11111111011111110111111111111111, sa_flags=SA_RESTART|SA_SIGINFO
SIGFPE: [libjvm.dylib+0x489100], sa_mask[0]=11111111011111110111111111111111, sa_flags=SA_RESTART|SA_SIGINFO
SIGPIPE: [libjvm.dylib+0x489100], sa_mask[0]=11111111011111110111111111111111, sa_flags=SA_RESTART|SA_SIGINFO
SIGXFSZ: [libjvm.dylib+0x489100], sa_mask[0]=11111111011111110111111111111111, sa_flags=SA_RESTART|SA_SIGINFO
SIGILL: [libjvm.dylib+0x489100], sa_mask[0]=11111111011111110111111111111111, sa_flags=SA_RESTART|SA_SIGINFO
SIGUSR1: SIG_DFL, sa_mask[0]=00000000000000000000000000000000, sa_flags=none
SIGUSR2: [libjvm.dylib+0x488c1e], sa_mask[0]=00100000000000000000000000000000, sa_flags=SA_RESTART|SA_SIGINFO
SIGHUP: [libjvm.dylib+0x4871f5], sa_mask[0]=11111111011111110111111111111111, sa_flags=SA_RESTART|SA_SIGINFO
SIGINT: [libjvm.dylib+0x4871f5], sa_mask[0]=11111111011111110111111111111111, sa_flags=SA_RESTART|SA_SIGINFO
SIGTERM: [libjvm.dylib+0x4871f5], sa_mask[0]=11111111011111110111111111111111, sa_flags=SA_RESTART|SA_SIGINFO
SIGQUIT: [libjvm.dylib+0x4871f5], sa_mask[0]=11111111011111110111111111111111, sa_flags=SA_RESTART|SA_SIGINFO


---------------  S Y S T E M  ---------------

OS:Bsduname:Darwin 16.7.0 Darwin Kernel Version 16.7.0: Thu Jun 15 17:36:27 PDT 2017; root:xnu-3789.70.16~2/RELEASE_X86_64 x86_64
rlimit: STACK 8192k, CORE 0k, NPROC 709, NOFILE 10240, AS infinity
load average:3.07 3.90 4.30

CPU:total 4 (initial active 4) (2 cores per cpu, 2 threads per core) family 6 model 142 stepping 9, cmov, cx8, fxsr, mmx, sse, sse2, sse3, ssse3, sse4.1, sse4.2, popcnt, avx, avx2, aes, clmul, erms, 3dnowpref, lzcnt, ht, tsc, tscinvbit, bmi1, bmi2, adx

Memory: 4k page, physical 16777216k(358888k free)

/proc/meminfo:


vm_info: Java HotSpot(TM) 64-Bit Server VM (25.144-b01) for bsd-amd64 JRE (1.8.0_144-b01), built on Jul 21 2017 22:07:42 by "java_re" with gcc 4.2.1 (Based on Apple Inc. build 5658) (LLVM build 2336.11.00)

time: Sun Nov 26 14:13:45 2017
elapsed time: 388 seconds (0d 0h 6m 28s)

